
-------------------------------------------------------------------------------zipf =1 ctx =0.04
========== 测试时间: 2025-04-17 15:55:06 ==========
测试参数:
账户数量: 10000
线程数量: 4
Zipf指数: 1
运行时间: 50秒
===== 区块信息输出 =====
所有区块信息:
========================
区块 1 信息:
总交易数: 164
跨链交易数: 7 (4.3%)
普通交易数: 157 (95.7%)
------------------------
区块 2 信息:
总交易数: 169
跨链交易数: 6 (3.6%)
普通交易数: 163 (96.4%)
------------------------
区块 3 信息:
总交易数: 180
跨链交易数: 5 (2.8%)
普通交易数: 175 (97.2%)
------------------------
区块 4 信息:
总交易数: 149
跨链交易数: 8 (5.4%)
普通交易数: 141 (94.6%)
------------------------
区块 5 信息:
总交易数: 166
跨链交易数: 7 (4.2%)
普通交易数: 159 (95.8%)
------------------------
区块 6 信息:
总交易数: 126
跨链交易数: 9 (7.1%)
普通交易数: 117 (92.9%)
------------------------
区块 7 信息:
总交易数: 131
跨链交易数: 10 (7.6%)
普通交易数: 121 (92.4%)
------------------------
区块 8 信息:
总交易数: 173
跨链交易数: 6 (3.5%)
普通交易数: 167 (96.5%)
------------------------
区块 9 信息:
总交易数: 159
跨链交易数: 6 (3.8%)
普通交易数: 153 (96.2%)
------------------------
区块 10 信息:
总交易数: 147
跨链交易数: 2 (1.4%)
普通交易数: 145 (98.6%)
------------------------
===== 区块信息结束 =====
================================


========== 测试时间: 2025-04-17 15:56:07 ==========
测试参数:
账户数量: 10000
线程数量: 4
Zipf指数: 1
运行时间: 50秒
===== 区块信息输出 =====
所有区块信息:
========================
区块 1 信息:
总交易数: 136
跨链交易数: 6 (4.4%)
普通交易数: 130 (95.6%)
------------------------
区块 2 信息:
总交易数: 157
跨链交易数: 7 (4.5%)
普通交易数: 150 (95.5%)
------------------------
区块 3 信息:
总交易数: 143
跨链交易数: 8 (5.6%)
普通交易数: 135 (94.4%)
------------------------
区块 4 信息:
总交易数: 200
跨链交易数: 3 (1.5%)
普通交易数: 197 (98.5%)
------------------------
区块 5 信息:
总交易数: 176
跨链交易数: 6 (3.4%)
普通交易数: 170 (96.6%)
------------------------
区块 6 信息:
总交易数: 132
跨链交易数: 11 (8.3%)
普通交易数: 121 (91.7%)
------------------------
区块 7 信息:
总交易数: 149
跨链交易数: 7 (4.7%)
普通交易数: 142 (95.3%)
------------------------
区块 8 信息:
总交易数: 139
跨链交易数: 10 (7.2%)
普通交易数: 129 (92.8%)
------------------------
区块 9 信息:
总交易数: 115
跨链交易数: 9 (7.8%)
普通交易数: 106 (92.2%)
------------------------
区块 10 信息:
总交易数: 147
跨链交易数: 5 (3.4%)
普通交易数: 142 (96.6%)
------------------------
===== 区块信息结束 =====
================================


========== 测试时间: 2025-04-17 15:57:26 ==========
测试参数:
账户数量: 10000
线程数量: 4
Zipf指数: 1
运行时间: 50秒
===== 区块信息输出 =====
所有区块信息:
========================
区块 1 信息:
总交易数: 137
跨链交易数: 10 (7.3%)
普通交易数: 127 (92.7%)
------------------------
区块 2 信息:
总交易数: 185
跨链交易数: 5 (2.7%)
普通交易数: 180 (97.3%)
------------------------
区块 3 信息:
总交易数: 183
跨链交易数: 4 (2.2%)
普通交易数: 179 (97.8%)
------------------------
区块 4 信息:
总交易数: 174
跨链交易数: 7 (4.0%)
普通交易数: 167 (96.0%)
------------------------
区块 5 信息:
总交易数: 153
跨链交易数: 7 (4.6%)
普通交易数: 146 (95.4%)
------------------------
区块 6 信息:
总交易数: 145
跨链交易数: 2 (1.4%)
普通交易数: 143 (98.6%)
------------------------
区块 7 信息:
总交易数: 131
跨链交易数: 10 (7.6%)
普通交易数: 121 (92.4%)
------------------------
区块 8 信息:
总交易数: 161
跨链交易数: 7 (4.3%)
普通交易数: 154 (95.7%)
------------------------
区块 9 信息:
总交易数: 153
跨链交易数: 9 (5.9%)
普通交易数: 144 (94.1%)
------------------------
区块 10 信息:
总交易数: 115
跨链交易数: 9 (7.8%)
普通交易数: 106 (92.2%)
------------------------
===== 区块信息结束 =====
================================


========== 测试时间: 2025-04-17 15:58:20 ==========
测试参数:
账户数量: 10000
线程数量: 4
Zipf指数: 1
运行时间: 50秒
===== 区块信息输出 =====
所有区块信息:
========================
区块 1 信息:
总交易数: 117
跨链交易数: 6 (5.1%)
普通交易数: 111 (94.9%)
------------------------
区块 2 信息:
总交易数: 157
跨链交易数: 5 (3.2%)
普通交易数: 152 (96.8%)
------------------------
区块 3 信息:
总交易数: 148
跨链交易数: 6 (4.1%)
普通交易数: 142 (95.9%)
------------------------
区块 4 信息:
总交易数: 128
跨链交易数: 9 (7.0%)
普通交易数: 119 (93.0%)
------------------------
区块 5 信息:
总交易数: 145
跨链交易数: 4 (2.8%)
普通交易数: 141 (97.2%)
------------------------
区块 6 信息:
总交易数: 164
跨链交易数: 7 (4.3%)
普通交易数: 157 (95.7%)
------------------------
区块 7 信息:
总交易数: 144
跨链交易数: 7 (4.9%)
普通交易数: 137 (95.1%)
------------------------
区块 8 信息:
总交易数: 185
跨链交易数: 5 (2.7%)
普通交易数: 180 (97.3%)
------------------------
区块 9 信息:
总交易数: 175
跨链交易数: 6 (3.4%)
普通交易数: 169 (96.6%)
------------------------
区块 10 信息:
总交易数: 159
跨链交易数: 2 (1.3%)
普通交易数: 157 (98.7%)
------------------------
===== 区块信息结束 =====
================================


========== 测试时间: 2025-04-17 15:59:15 ==========
测试参数:
账户数量: 10000
线程数量: 4
Zipf指数: 1
运行时间: 50秒
===== 区块信息输出 =====
所有区块信息:
========================
区块 1 信息:
总交易数: 183
跨链交易数: 5 (2.7%)
普通交易数: 178 (97.3%)
------------------------
区块 2 信息:
总交易数: 168
跨链交易数: 8 (4.8%)
普通交易数: 160 (95.2%)
------------------------
区块 3 信息:
总交易数: 196
跨链交易数: 3 (1.5%)
普通交易数: 193 (98.5%)
------------------------
区块 4 信息:
总交易数: 165
跨链交易数: 7 (4.2%)
普通交易数: 158 (95.8%)
------------------------
区块 5 信息:
总交易数: 147
跨链交易数: 6 (4.1%)
普通交易数: 141 (95.9%)
------------------------
区块 6 信息:
总交易数: 139
跨链交易数: 9 (6.5%)
普通交易数: 130 (93.5%)
------------------------
区块 7 信息:
总交易数: 134
跨链交易数: 10 (7.5%)
普通交易数: 124 (92.5%)
------------------------
区块 8 信息:
总交易数: 159
跨链交易数: 9 (5.7%)
普通交易数: 150 (94.3%)
------------------------
区块 9 信息:
总交易数: 109
跨链交易数: 5 (4.6%)
普通交易数: 104 (95.4%)
------------------------
区块 10 信息:
总交易数: 153
跨链交易数: 6 (3.9%)
普通交易数: 147 (96.1%)
------------------------
===== 区块信息结束 =====
================================
-------------------------------------------------------------------------------zipf =1 ctx =0.08


========== 测试时间: 2025-04-17 16:00:30 ==========
测试参数:
账户数量: 10000
线程数量: 4
Zipf指数: 1
运行时间: 50秒
===== 区块信息输出 =====
所有区块信息:
========================
区块 1 信息:
总交易数: 138
跨链交易数: 9 (6.5%)
普通交易数: 129 (93.5%)
------------------------
区块 2 信息:
总交易数: 143
跨链交易数: 9 (6.3%)
普通交易数: 134 (93.7%)
------------------------
区块 3 信息:
总交易数: 108
跨链交易数: 11 (10.2%)
普通交易数: 97 (89.8%)
------------------------
区块 4 信息:
总交易数: 126
跨链交易数: 10 (7.9%)
普通交易数: 116 (92.1%)
------------------------
区块 5 信息:
总交易数: 154
跨链交易数: 8 (5.2%)
普通交易数: 146 (94.8%)
------------------------
区块 6 信息:
总交易数: 92
跨链交易数: 9 (9.8%)
普通交易数: 83 (90.2%)
------------------------
区块 7 信息:
总交易数: 140
跨链交易数: 8 (5.7%)
普通交易数: 132 (94.3%)
------------------------
区块 8 信息:
总交易数: 114
跨链交易数: 11 (9.6%)
普通交易数: 103 (90.4%)
------------------------
区块 9 信息:
总交易数: 124
跨链交易数: 12 (9.7%)
普通交易数: 112 (90.3%)
------------------------
区块 10 信息:
总交易数: 132
跨链交易数: 9 (6.8%)
普通交易数: 123 (93.2%)
------------------------
===== 区块信息结束 =====
================================


========== 测试时间: 2025-04-17 16:01:26 ==========
测试参数:
账户数量: 10000
线程数量: 4
Zipf指数: 1
运行时间: 50秒
===== 区块信息输出 =====
所有区块信息:
========================
区块 1 信息:
总交易数: 137
跨链交易数: 10 (7.3%)
普通交易数: 127 (92.7%)
------------------------
区块 2 信息:
总交易数: 125
跨链交易数: 11 (8.8%)
普通交易数: 114 (91.2%)
------------------------
区块 3 信息:
总交易数: 135
跨链交易数: 9 (6.7%)
普通交易数: 126 (93.3%)
------------------------
区块 4 信息:
总交易数: 133
跨链交易数: 10 (7.5%)
普通交易数: 123 (92.5%)
------------------------
区块 5 信息:
总交易数: 179
跨链交易数: 5 (2.8%)
普通交易数: 174 (97.2%)
------------------------
区块 6 信息:
总交易数: 118
跨链交易数: 10 (8.5%)
普通交易数: 108 (91.5%)
------------------------
区块 7 信息:
总交易数: 105
跨链交易数: 7 (6.7%)
普通交易数: 98 (93.3%)
------------------------
区块 8 信息:
总交易数: 102
跨链交易数: 11 (10.8%)
普通交易数: 91 (89.2%)
------------------------
区块 9 信息:
总交易数: 86
跨链交易数: 14 (16.3%)
普通交易数: 72 (83.7%)
------------------------
区块 10 信息:
总交易数: 133
跨链交易数: 9 (6.8%)
普通交易数: 124 (93.2%)
------------------------
===== 区块信息结束 =====
================================


========== 测试时间: 2025-04-17 16:03:00 ==========
测试参数:
账户数量: 10000
线程数量: 4
Zipf指数: 1
运行时间: 50秒
===== 区块信息输出 =====
所有区块信息:
========================
区块 1 信息:
总交易数: 98
跨链交易数: 10 (10.2%)
普通交易数: 88 (89.8%)
------------------------
区块 2 信息:
总交易数: 120
跨链交易数: 9 (7.5%)
普通交易数: 111 (92.5%)
------------------------
区块 3 信息:
总交易数: 102
跨链交易数: 13 (12.7%)
普通交易数: 89 (87.3%)
------------------------
区块 4 信息:
总交易数: 130
跨链交易数: 10 (7.7%)
普通交易数: 120 (92.3%)
------------------------
区块 5 信息:
总交易数: 142
跨链交易数: 8 (5.6%)
普通交易数: 134 (94.4%)
------------------------
区块 6 信息:
总交易数: 145
跨链交易数: 8 (5.5%)
普通交易数: 137 (94.5%)
------------------------
区块 7 信息:
总交易数: 144
跨链交易数: 7 (4.9%)
普通交易数: 137 (95.1%)
------------------------
区块 8 信息:
总交易数: 118
跨链交易数: 12 (10.2%)
普通交易数: 106 (89.8%)
------------------------
区块 9 信息:
总交易数: 102
跨链交易数: 12 (11.8%)
普通交易数: 90 (88.2%)
------------------------
区块 10 信息:
总交易数: 140
跨链交易数: 9 (6.4%)
普通交易数: 131 (93.6%)
------------------------
===== 区块信息结束 =====
================================


========== 测试时间: 2025-04-17 16:03:53 ==========
测试参数:
账户数量: 10000
线程数量: 4
Zipf指数: 1
运行时间: 50秒
===== 区块信息输出 =====
所有区块信息:
========================
区块 1 信息:
总交易数: 96
跨链交易数: 13 (13.5%)
普通交易数: 83 (86.5%)
------------------------
区块 2 信息:
总交易数: 91
跨链交易数: 10 (11.0%)
普通交易数: 81 (89.0%)
------------------------
区块 3 信息:
总交易数: 127
跨链交易数: 10 (7.9%)
普通交易数: 117 (92.1%)
------------------------
区块 4 信息:
总交易数: 143
跨链交易数: 11 (7.7%)
普通交易数: 132 (92.3%)
------------------------
区块 5 信息:
总交易数: 109
跨链交易数: 10 (9.2%)
普通交易数: 99 (90.8%)
------------------------
区块 6 信息:
总交易数: 105
跨链交易数: 11 (10.5%)
普通交易数: 94 (89.5%)
------------------------
区块 7 信息:
总交易数: 116
跨链交易数: 12 (10.3%)
普通交易数: 104 (89.7%)
------------------------
区块 8 信息:
总交易数: 148
跨链交易数: 8 (5.4%)
普通交易数: 140 (94.6%)
------------------------
区块 9 信息:
总交易数: 146
跨链交易数: 8 (5.5%)
普通交易数: 138 (94.5%)
------------------------
区块 10 信息:
总交易数: 126
跨链交易数: 8 (6.3%)
普通交易数: 118 (93.7%)
------------------------
===== 区块信息结束 =====
================================


========== 测试时间: 2025-04-17 16:05:14 ==========
测试参数:
账户数量: 10000
线程数量: 4
Zipf指数: 1
运行时间: 50秒
===== 区块信息输出 =====
所有区块信息:
========================
区块 1 信息:
总交易数: 139
跨链交易数: 10 (7.2%)
普通交易数: 129 (92.8%)
------------------------
区块 2 信息:
总交易数: 116
跨链交易数: 11 (9.5%)
普通交易数: 105 (90.5%)
------------------------
区块 3 信息:
总交易数: 116
跨链交易数: 12 (10.3%)
普通交易数: 104 (89.7%)
------------------------
区块 4 信息:
总交易数: 126
跨链交易数: 9 (7.1%)
普通交易数: 117 (92.9%)
------------------------
区块 5 信息:
总交易数: 132
跨链交易数: 10 (7.6%)
普通交易数: 122 (92.4%)
------------------------
区块 6 信息:
总交易数: 140
跨链交易数: 8 (5.7%)
普通交易数: 132 (94.3%)
------------------------
区块 7 信息:
总交易数: 158
跨链交易数: 7 (4.4%)
普通交易数: 151 (95.6%)
------------------------
区块 8 信息:
总交易数: 106
跨链交易数: 12 (11.3%)
普通交易数: 94 (88.7%)
------------------------
区块 9 信息:
总交易数: 123
跨链交易数: 12 (9.8%)
普通交易数: 111 (90.2%)
------------------------
区块 10 信息:
总交易数: 126
跨链交易数: 8 (6.3%)
普通交易数: 118 (93.7%)
------------------------
===== 区块信息结束 =====
================================
-------------------------------------------------------------------------------zipf =1 ctx =0.12


========== 测试时间: 2025-04-17 16:06:50 ==========
测试参数:
账户数量: 10000
线程数量: 4
Zipf指数: 1
运行时间: 50秒
===== 区块信息输出 =====
所有区块信息:
========================
区块 1 信息:
总交易数: 118
跨链交易数: 11 (9.3%)
普通交易数: 107 (90.7%)
------------------------
区块 2 信息:
总交易数: 106
跨链交易数: 12 (11.3%)
普通交易数: 94 (88.7%)
------------------------
区块 3 信息:
总交易数: 115
跨链交易数: 13 (11.3%)
普通交易数: 102 (88.7%)
------------------------
区块 4 信息:
总交易数: 74
跨链交易数: 9 (12.2%)
普通交易数: 65 (87.8%)
------------------------
区块 5 信息:
总交易数: 94
跨链交易数: 10 (10.6%)
普通交易数: 84 (89.4%)
------------------------
区块 6 信息:
总交易数: 87
跨链交易数: 12 (13.8%)
普通交易数: 75 (86.2%)
------------------------
区块 7 信息:
总交易数: 133
跨链交易数: 12 (9.0%)
普通交易数: 121 (91.0%)
------------------------
区块 8 信息:
总交易数: 117
跨链交易数: 10 (8.5%)
普通交易数: 107 (91.5%)
------------------------
区块 9 信息:
总交易数: 80
跨链交易数: 14 (17.5%)
普通交易数: 66 (82.5%)
------------------------
区块 10 信息:
总交易数: 89
跨链交易数: 10 (11.2%)
普通交易数: 79 (88.8%)
------------------------
===== 区块信息结束 =====
================================


========== 测试时间: 2025-04-17 16:07:49 ==========
测试参数:
账户数量: 10000
线程数量: 4
Zipf指数: 1
运行时间: 50秒
===== 区块信息输出 =====
所有区块信息:
========================
区块 1 信息:
总交易数: 65
跨链交易数: 10 (15.4%)
普通交易数: 55 (84.6%)
------------------------
区块 2 信息:
总交易数: 116
跨链交易数: 10 (8.6%)
普通交易数: 106 (91.4%)
------------------------
区块 3 信息:
总交易数: 133
跨链交易数: 10 (7.5%)
普通交易数: 123 (92.5%)
------------------------
区块 4 信息:
总交易数: 80
跨链交易数: 10 (12.5%)
普通交易数: 70 (87.5%)
------------------------
区块 5 信息:
总交易数: 76
跨链交易数: 10 (13.2%)
普通交易数: 66 (86.8%)
------------------------
区块 6 信息:
总交易数: 95
跨链交易数: 13 (13.7%)
普通交易数: 82 (86.3%)
------------------------
区块 7 信息:
总交易数: 66
跨链交易数: 15 (22.7%)
普通交易数: 51 (77.3%)
------------------------
区块 8 信息:
总交易数: 84
跨链交易数: 14 (16.7%)
普通交易数: 70 (83.3%)
------------------------
区块 9 信息:
总交易数: 124
跨链交易数: 11 (8.9%)
普通交易数: 113 (91.1%)
------------------------
区块 10 信息:
总交易数: 80
跨链交易数: 12 (15.0%)
普通交易数: 68 (85.0%)
------------------------
===== 区块信息结束 =====
================================


========== 测试时间: 2025-04-17 16:08:43 ==========
测试参数:
账户数量: 10000
线程数量: 4
Zipf指数: 1
运行时间: 50秒
===== 区块信息输出 =====
所有区块信息:
========================
区块 1 信息:
总交易数: 101
跨链交易数: 12 (11.9%)
普通交易数: 89 (88.1%)
------------------------
区块 2 信息:
总交易数: 92
跨链交易数: 12 (13.0%)
普通交易数: 80 (87.0%)
------------------------
区块 3 信息:
总交易数: 119
跨链交易数: 11 (9.2%)
普通交易数: 108 (90.8%)
------------------------
区块 4 信息:
总交易数: 66
跨链交易数: 14 (21.2%)
普通交易数: 52 (78.8%)
------------------------
区块 5 信息:
总交易数: 73
跨链交易数: 11 (15.1%)
普通交易数: 62 (84.9%)
------------------------
区块 6 信息:
总交易数: 66
跨链交易数: 11 (16.7%)
普通交易数: 55 (83.3%)
------------------------
区块 7 信息:
总交易数: 104
跨链交易数: 13 (12.5%)
普通交易数: 91 (87.5%)
------------------------
区块 8 信息:
总交易数: 121
跨链交易数: 11 (9.1%)
普通交易数: 110 (90.9%)
------------------------
区块 9 信息:
总交易数: 107
跨链交易数: 11 (10.3%)
普通交易数: 96 (89.7%)
------------------------
区块 10 信息:
总交易数: 118
跨链交易数: 11 (9.3%)
普通交易数: 107 (90.7%)
------------------------
===== 区块信息结束 =====
================================


========== 测试时间: 2025-04-17 16:09:40 ==========
测试参数:
账户数量: 10000
线程数量: 4
Zipf指数: 1
运行时间: 50秒
===== 区块信息输出 =====
所有区块信息:
========================
区块 1 信息:
总交易数: 93
跨链交易数: 14 (15.1%)
普通交易数: 79 (84.9%)
------------------------
区块 2 信息:
总交易数: 128
跨链交易数: 9 (7.0%)
普通交易数: 119 (93.0%)
------------------------
区块 3 信息:
总交易数: 76
跨链交易数: 14 (18.4%)
普通交易数: 62 (81.6%)
------------------------
区块 4 信息:
总交易数: 124
跨链交易数: 10 (8.1%)
普通交易数: 114 (91.9%)
------------------------
区块 5 信息:
总交易数: 109
跨链交易数: 14 (12.8%)
普通交易数: 95 (87.2%)
------------------------
区块 6 信息:
总交易数: 95
跨链交易数: 10 (10.5%)
普通交易数: 85 (89.5%)
------------------------
区块 7 信息:
总交易数: 99
跨链交易数: 13 (13.1%)
普通交易数: 86 (86.9%)
------------------------
区块 8 信息:
总交易数: 103
跨链交易数: 11 (10.7%)
普通交易数: 92 (89.3%)
------------------------
区块 9 信息:
总交易数: 113
跨链交易数: 11 (9.7%)
普通交易数: 102 (90.3%)
------------------------
区块 10 信息:
总交易数: 102
跨链交易数: 10 (9.8%)
普通交易数: 92 (90.2%)
------------------------
===== 区块信息结束 =====
================================


========== 测试时间: 2025-04-17 16:10:42 ==========
测试参数:
账户数量: 10000
线程数量: 4
Zipf指数: 1
运行时间: 50秒
===== 区块信息输出 =====
所有区块信息:
========================
区块 1 信息:
总交易数: 99
跨链交易数: 12 (12.1%)
普通交易数: 87 (87.9%)
------------------------
区块 2 信息:
总交易数: 136
跨链交易数: 9 (6.6%)
普通交易数: 127 (93.4%)
------------------------
区块 3 信息:
总交易数: 73
跨链交易数: 12 (16.4%)
普通交易数: 61 (83.6%)
------------------------
区块 4 信息:
总交易数: 91
跨链交易数: 12 (13.2%)
普通交易数: 79 (86.8%)
------------------------
区块 5 信息:
总交易数: 110
跨链交易数: 11 (10.0%)
普通交易数: 99 (90.0%)
------------------------
区块 6 信息:
总交易数: 100
跨链交易数: 10 (10.0%)
普通交易数: 90 (90.0%)
------------------------
区块 7 信息:
总交易数: 49
跨链交易数: 9 (18.4%)
普通交易数: 40 (81.6%)
------------------------
区块 8 信息:
总交易数: 93
跨链交易数: 14 (15.1%)
普通交易数: 79 (84.9%)
------------------------
区块 9 信息:
总交易数: 101
跨链交易数: 11 (10.9%)
普通交易数: 90 (89.1%)
------------------------
区块 10 信息:
总交易数: 62
跨链交易数: 12 (19.4%)
普通交易数: 50 (80.6%)
------------------------
===== 区块信息结束 =====
================================
-------------------------------------------------------------------------------zipf =1 ctx =0.16


========== 测试时间: 2025-04-17 16:12:22 ==========
测试参数:
账户数量: 10000
线程数量: 4
Zipf指数: 1
运行时间: 50秒
===== 区块信息输出 =====
所有区块信息:
========================
区块 1 信息:
总交易数: 70
跨链交易数: 11 (15.7%)
普通交易数: 59 (84.3%)
------------------------
区块 2 信息:
总交易数: 86
跨链交易数: 14 (16.3%)
普通交易数: 72 (83.7%)
------------------------
区块 3 信息:
总交易数: 103
跨链交易数: 13 (12.6%)
普通交易数: 90 (87.4%)
------------------------
区块 4 信息:
总交易数: 82
跨链交易数: 11 (13.4%)
普通交易数: 71 (86.6%)
------------------------
区块 5 信息:
总交易数: 98
跨链交易数: 13 (13.3%)
普通交易数: 85 (86.7%)
------------------------
区块 6 信息:
总交易数: 121
跨链交易数: 12 (9.9%)
普通交易数: 109 (90.1%)
------------------------
区块 7 信息:
总交易数: 85
跨链交易数: 13 (15.3%)
普通交易数: 72 (84.7%)
------------------------
区块 8 信息:
总交易数: 107
跨链交易数: 11 (10.3%)
普通交易数: 96 (89.7%)
------------------------
区块 9 信息:
总交易数: 85
跨链交易数: 14 (16.5%)
普通交易数: 71 (83.5%)
------------------------
区块 10 信息:
总交易数: 53
跨链交易数: 15 (28.3%)
普通交易数: 38 (71.7%)
------------------------
===== 区块信息结束 =====
================================


========== 测试时间: 2025-04-17 16:13:26 ==========
测试参数:
账户数量: 10000
线程数量: 4
Zipf指数: 1
运行时间: 50秒
===== 区块信息输出 =====
所有区块信息:
========================
区块 1 信息:
总交易数: 73
跨链交易数: 15 (20.5%)
普通交易数: 58 (79.5%)
------------------------
区块 2 信息:
总交易数: 88
跨链交易数: 14 (15.9%)
普通交易数: 74 (84.1%)
------------------------
区块 3 信息:
总交易数: 69
跨链交易数: 10 (14.5%)
普通交易数: 59 (85.5%)
------------------------
区块 4 信息:
总交易数: 74
跨链交易数: 14 (18.9%)
普通交易数: 60 (81.1%)
------------------------
区块 5 信息:
总交易数: 94
跨链交易数: 13 (13.8%)
普通交易数: 81 (86.2%)
------------------------
区块 6 信息:
总交易数: 93
跨链交易数: 12 (12.9%)
普通交易数: 81 (87.1%)
------------------------
区块 7 信息:
总交易数: 84
跨链交易数: 11 (13.1%)
普通交易数: 73 (86.9%)
------------------------
区块 8 信息:
总交易数: 42
跨链交易数: 7 (16.7%)
普通交易数: 35 (83.3%)
------------------------
区块 9 信息:
总交易数: 73
跨链交易数: 10 (13.7%)
普通交易数: 63 (86.3%)
------------------------
区块 10 信息:
总交易数: 37
跨链交易数: 11 (29.7%)
普通交易数: 26 (70.3%)
------------------------
===== 区块信息结束 =====
================================


========== 测试时间: 2025-04-17 16:14:45 ==========
测试参数:
账户数量: 10000
线程数量: 4
Zipf指数: 1
运行时间: 50秒
===== 区块信息输出 =====
所有区块信息:
========================
区块 1 信息:
总交易数: 74
跨链交易数: 16 (21.6%)
普通交易数: 58 (78.4%)
------------------------
区块 2 信息:
总交易数: 102
跨链交易数: 11 (10.8%)
普通交易数: 91 (89.2%)
------------------------
区块 3 信息:
总交易数: 100
跨链交易数: 13 (13.0%)
普通交易数: 87 (87.0%)
------------------------
区块 4 信息:
总交易数: 84
跨链交易数: 11 (13.1%)
普通交易数: 73 (86.9%)
------------------------
区块 5 信息:
总交易数: 139
跨链交易数: 10 (7.2%)
普通交易数: 129 (92.8%)
------------------------
区块 6 信息:
总交易数: 76
跨链交易数: 14 (18.4%)
普通交易数: 62 (81.6%)
------------------------
区块 7 信息:
总交易数: 56
跨链交易数: 11 (19.6%)
普通交易数: 45 (80.4%)
------------------------
区块 8 信息:
总交易数: 100
跨链交易数: 14 (14.0%)
普通交易数: 86 (86.0%)
------------------------
区块 9 信息:
总交易数: 85
跨链交易数: 12 (14.1%)
普通交易数: 73 (85.9%)
------------------------
区块 10 信息:
总交易数: 93
跨链交易数: 13 (14.0%)
普通交易数: 80 (86.0%)
------------------------
===== 区块信息结束 =====
================================


========== 测试时间: 2025-04-17 16:15:51 ==========
测试参数:
账户数量: 10000
线程数量: 4
Zipf指数: 1
运行时间: 50秒
===== 区块信息输出 =====
所有区块信息:
========================
区块 1 信息:
总交易数: 87
跨链交易数: 16 (18.4%)
普通交易数: 71 (81.6%)
------------------------
区块 2 信息:
总交易数: 77
跨链交易数: 12 (15.6%)
普通交易数: 65 (84.4%)
------------------------
区块 3 信息:
总交易数: 57
跨链交易数: 10 (17.5%)
普通交易数: 47 (82.5%)
------------------------
区块 4 信息:
总交易数: 76
跨链交易数: 16 (21.1%)
普通交易数: 60 (78.9%)
------------------------
区块 5 信息:
总交易数: 64
跨链交易数: 13 (20.3%)
普通交易数: 51 (79.7%)
------------------------
区块 6 信息:
总交易数: 80
跨链交易数: 9 (11.2%)
普通交易数: 71 (88.8%)
------------------------
区块 7 信息:
总交易数: 108
跨链交易数: 12 (11.1%)
普通交易数: 96 (88.9%)
------------------------
区块 8 信息:
总交易数: 101
跨链交易数: 12 (11.9%)
普通交易数: 89 (88.1%)
------------------------
区块 9 信息:
总交易数: 101
跨链交易数: 12 (11.9%)
普通交易数: 89 (88.1%)
------------------------
区块 10 信息:
总交易数: 85
跨链交易数: 13 (15.3%)
普通交易数: 72 (84.7%)
------------------------
===== 区块信息结束 =====
================================


========== 测试时间: 2025-04-17 16:16:45 ==========
测试参数:
账户数量: 10000
线程数量: 4
Zipf指数: 1
运行时间: 50秒
===== 区块信息输出 =====
所有区块信息:
========================
区块 1 信息:
总交易数: 82
跨链交易数: 10 (12.2%)
普通交易数: 72 (87.8%)
------------------------
区块 2 信息:
总交易数: 71
跨链交易数: 15 (21.1%)
普通交易数: 56 (78.9%)
------------------------
区块 3 信息:
总交易数: 72
跨链交易数: 15 (20.8%)
普通交易数: 57 (79.2%)
------------------------
区块 4 信息:
总交易数: 79
跨链交易数: 13 (16.5%)
普通交易数: 66 (83.5%)
------------------------
区块 5 信息:
总交易数: 74
跨链交易数: 14 (18.9%)
普通交易数: 60 (81.1%)
------------------------
区块 6 信息:
总交易数: 94
跨链交易数: 14 (14.9%)
普通交易数: 80 (85.1%)
------------------------
区块 7 信息:
总交易数: 100
跨链交易数: 11 (11.0%)
普通交易数: 89 (89.0%)
------------------------
区块 8 信息:
总交易数: 68
跨链交易数: 13 (19.1%)
普通交易数: 55 (80.9%)
------------------------
区块 9 信息:
总交易数: 94
跨链交易数: 13 (13.8%)
普通交易数: 81 (86.2%)
------------------------
区块 10 信息:
总交易数: 72
跨链交易数: 13 (18.1%)
普通交易数: 59 (81.9%)
------------------------
===== 区块信息结束 =====
================================
-------------------------------------------------------------------------------zipf =1 ctx =0.2


========== 测试时间: 2025-04-17 16:18:57 ==========
测试参数:
账户数量: 10000
线程数量: 4
Zipf指数: 1
运行时间: 50秒
===== 区块信息输出 =====
所有区块信息:
========================
区块 1 信息:
总交易数: 62
跨链交易数: 14 (22.6%)
普通交易数: 48 (77.4%)
------------------------
区块 2 信息:
总交易数: 62
跨链交易数: 15 (24.2%)
普通交易数: 47 (75.8%)
------------------------
区块 3 信息:
总交易数: 63
跨链交易数: 11 (17.5%)
普通交易数: 52 (82.5%)
------------------------
区块 4 信息:
总交易数: 58
跨链交易数: 14 (24.1%)
普通交易数: 44 (75.9%)
------------------------
区块 5 信息:
总交易数: 82
跨链交易数: 14 (17.1%)
普通交易数: 68 (82.9%)
------------------------
区块 6 信息:
总交易数: 54
跨链交易数: 12 (22.2%)
普通交易数: 42 (77.8%)
------------------------
区块 7 信息:
总交易数: 64
跨链交易数: 15 (23.4%)
普通交易数: 49 (76.6%)
------------------------
区块 8 信息:
总交易数: 65
跨链交易数: 16 (24.6%)
普通交易数: 49 (75.4%)
------------------------
区块 9 信息:
总交易数: 45
跨链交易数: 15 (33.3%)
普通交易数: 30 (66.7%)
------------------------
区块 10 信息:
总交易数: 43
跨链交易数: 9 (20.9%)
普通交易数: 34 (79.1%)
------------------------
===== 区块信息结束 =====
================================


========== 测试时间: 2025-04-17 16:20:07 ==========
测试参数:
账户数量: 10000
线程数量: 4
Zipf指数: 1
运行时间: 50秒
===== 区块信息输出 =====
所有区块信息:
========================
区块 1 信息:
总交易数: 79
跨链交易数: 16 (20.3%)
普通交易数: 63 (79.7%)
------------------------
区块 2 信息:
总交易数: 83
跨链交易数: 14 (16.9%)
普通交易数: 69 (83.1%)
------------------------
区块 3 信息:
总交易数: 64
跨链交易数: 14 (21.9%)
普通交易数: 50 (78.1%)
------------------------
区块 4 信息:
总交易数: 57
跨链交易数: 11 (19.3%)
普通交易数: 46 (80.7%)
------------------------
区块 5 信息:
总交易数: 68
跨链交易数: 16 (23.5%)
普通交易数: 52 (76.5%)
------------------------
区块 6 信息:
总交易数: 78
跨链交易数: 14 (17.9%)
普通交易数: 64 (82.1%)
------------------------
区块 7 信息:
总交易数: 66
跨链交易数: 14 (21.2%)
普通交易数: 52 (78.8%)
------------------------
区块 8 信息:
总交易数: 83
跨链交易数: 15 (18.1%)
普通交易数: 68 (81.9%)
------------------------
区块 9 信息:
总交易数: 57
跨链交易数: 15 (26.3%)
普通交易数: 42 (73.7%)
------------------------
区块 10 信息:
总交易数: 86
跨链交易数: 13 (15.1%)
普通交易数: 73 (84.9%)
------------------------
===== 区块信息结束 =====
================================


========== 测试时间: 2025-04-17 16:21:03 ==========
测试参数:
账户数量: 10000
线程数量: 4
Zipf指数: 1
运行时间: 50秒
===== 区块信息输出 =====
所有区块信息:
========================
区块 1 信息:
总交易数: 93
跨链交易数: 10 (10.8%)
普通交易数: 83 (89.2%)
------------------------
区块 2 信息:
总交易数: 77
跨链交易数: 14 (18.2%)
普通交易数: 63 (81.8%)
------------------------
区块 3 信息:
总交易数: 65
跨链交易数: 12 (18.5%)
普通交易数: 53 (81.5%)
------------------------
区块 4 信息:
总交易数: 69
跨链交易数: 15 (21.7%)
普通交易数: 54 (78.3%)
------------------------
区块 5 信息:
总交易数: 46
跨链交易数: 11 (23.9%)
普通交易数: 35 (76.1%)
------------------------
区块 6 信息:
总交易数: 82
跨链交易数: 13 (15.9%)
普通交易数: 69 (84.1%)
------------------------
区块 7 信息:
总交易数: 104
跨链交易数: 13 (12.5%)
普通交易数: 91 (87.5%)
------------------------
区块 8 信息:
总交易数: 79
跨链交易数: 14 (17.7%)
普通交易数: 65 (82.3%)
------------------------
区块 9 信息:
总交易数: 77
跨链交易数: 12 (15.6%)
普通交易数: 65 (84.4%)
------------------------
区块 10 信息:
总交易数: 75
跨链交易数: 14 (18.7%)
普通交易数: 61 (81.3%)
------------------------
===== 区块信息结束 =====
================================


========== 测试时间: 2025-04-17 16:21:58 ==========
测试参数:
账户数量: 10000
线程数量: 4
Zipf指数: 1
运行时间: 50秒
===== 区块信息输出 =====
所有区块信息:
========================
区块 1 信息:
总交易数: 48
跨链交易数: 13 (27.1%)
普通交易数: 35 (72.9%)
------------------------
区块 2 信息:
总交易数: 77
跨链交易数: 13 (16.9%)
普通交易数: 64 (83.1%)
------------------------
区块 3 信息:
总交易数: 74
跨链交易数: 14 (18.9%)
普通交易数: 60 (81.1%)
------------------------
区块 4 信息:
总交易数: 63
跨链交易数: 14 (22.2%)
普通交易数: 49 (77.8%)
------------------------
区块 5 信息:
总交易数: 66
跨链交易数: 14 (21.2%)
普通交易数: 52 (78.8%)
------------------------
区块 6 信息:
总交易数: 65
跨链交易数: 15 (23.1%)
普通交易数: 50 (76.9%)
------------------------
区块 7 信息:
总交易数: 82
跨链交易数: 13 (15.9%)
普通交易数: 69 (84.1%)
------------------------
区块 8 信息:
总交易数: 73
跨链交易数: 14 (19.2%)
普通交易数: 59 (80.8%)
------------------------
区块 9 信息:
总交易数: 54
跨链交易数: 16 (29.6%)
普通交易数: 38 (70.4%)
------------------------
区块 10 信息:
总交易数: 37
跨链交易数: 10 (27.0%)
普通交易数: 27 (73.0%)
------------------------
===== 区块信息结束 =====
================================


========== 测试时间: 2025-04-17 16:23:23 ==========
测试参数:
账户数量: 10000
线程数量: 4
Zipf指数: 1
运行时间: 50秒
===== 区块信息输出 =====
所有区块信息:
========================
区块 1 信息:
总交易数: 80
跨链交易数: 15 (18.8%)
普通交易数: 65 (81.2%)
------------------------
区块 2 信息:
总交易数: 66
跨链交易数: 10 (15.2%)
普通交易数: 56 (84.8%)
------------------------
区块 3 信息:
总交易数: 65
跨链交易数: 16 (24.6%)
普通交易数: 49 (75.4%)
------------------------
区块 4 信息:
总交易数: 69
跨链交易数: 13 (18.8%)
普通交易数: 56 (81.2%)
------------------------
区块 5 信息:
总交易数: 83
跨链交易数: 14 (16.9%)
普通交易数: 69 (83.1%)
------------------------
区块 6 信息:
总交易数: 58
跨链交易数: 16 (27.6%)
普通交易数: 42 (72.4%)
------------------------
区块 7 信息:
总交易数: 71
跨链交易数: 15 (21.1%)
普通交易数: 56 (78.9%)
------------------------
区块 8 信息:
总交易数: 81
跨链交易数: 14 (17.3%)
普通交易数: 67 (82.7%)
------------------------
区块 9 信息:
总交易数: 91
跨链交易数: 16 (17.6%)
普通交易数: 75 (82.4%)
------------------------
区块 10 信息:
总交易数: 73
跨链交易数: 14 (19.2%)
普通交易数: 59 (80.8%)
------------------------
===== 区块信息结束 =====
================================


-------------------------------------------------------------------------------zipf =1.2 ctx =0.04


========== 测试时间: 2025-04-17 16:29:26 ==========
测试参数:
账户数量: 6000
线程数量: 4
Zipf指数: 1.2
运行时间: 50秒
===== 区块信息输出 =====
所有区块信息:
========================
区块 1 信息:
总交易数: 169
跨链交易数: 7 (4.1%)
普通交易数: 162 (95.9%)
------------------------
区块 2 信息:
总交易数: 171
跨链交易数: 6 (3.5%)
普通交易数: 165 (96.5%)
------------------------
区块 3 信息:
总交易数: 134
跨链交易数: 3 (2.2%)
普通交易数: 131 (97.8%)
------------------------
区块 4 信息:
总交易数: 146
跨链交易数: 9 (6.2%)
普通交易数: 137 (93.8%)
------------------------
区块 5 信息:
总交易数: 144
跨链交易数: 9 (6.2%)
普通交易数: 135 (93.8%)
------------------------
区块 6 信息:
总交易数: 144
跨链交易数: 8 (5.6%)
普通交易数: 136 (94.4%)
------------------------
区块 7 信息:
总交易数: 197
跨链交易数: 3 (1.5%)
普通交易数: 194 (98.5%)
------------------------
区块 8 信息:
总交易数: 141
跨链交易数: 9 (6.4%)
普通交易数: 132 (93.6%)
------------------------
区块 9 信息:
总交易数: 169
跨链交易数: 5 (3.0%)
普通交易数: 164 (97.0%)
------------------------
区块 10 信息:
总交易数: 149
跨链交易数: 7 (4.7%)
普通交易数: 142 (95.3%)
------------------------
===== 区块信息结束 =====
================================


========== 测试时间: 2025-04-17 16:31:08 ==========
测试参数:
账户数量: 10000
线程数量: 4
Zipf指数: 1.2
运行时间: 50秒
===== 区块信息输出 =====
所有区块信息:
========================
区块 1 信息:
总交易数: 174
跨链交易数: 5 (2.9%)
普通交易数: 169 (97.1%)
------------------------
区块 2 信息:
总交易数: 156
跨链交易数: 7 (4.5%)
普通交易数: 149 (95.5%)
------------------------
区块 3 信息:
总交易数: 157
跨链交易数: 8 (5.1%)
普通交易数: 149 (94.9%)
------------------------
区块 4 信息:
总交易数: 108
跨链交易数: 6 (5.6%)
普通交易数: 102 (94.4%)
------------------------
区块 5 信息:
总交易数: 144
跨链交易数: 8 (5.6%)
普通交易数: 136 (94.4%)
------------------------
区块 6 信息:
总交易数: 166
跨链交易数: 4 (2.4%)
普通交易数: 162 (97.6%)
------------------------
区块 7 信息:
总交易数: 49
跨链交易数: 3 (6.1%)
普通交易数: 46 (93.9%)
------------------------
区块 8 信息:
总交易数: 159
跨链交易数: 8 (5.0%)
普通交易数: 151 (95.0%)
------------------------
区块 9 信息:
总交易数: 167
跨链交易数: 6 (3.6%)
普通交易数: 161 (96.4%)
------------------------
区块 10 信息:
总交易数: 104
跨链交易数: 10 (9.6%)
普通交易数: 94 (90.4%)
------------------------
===== 区块信息结束 =====
================================


========== 测试时间: 2025-04-17 16:36:39 ==========
测试参数:
账户数量: 10000
线程数量: 4
Zipf指数: 1.2
运行时间: 50秒
===== 区块信息输出 =====
所有区块信息:
========================
区块 1 信息:
总交易数: 189
跨链交易数: 5 (2.6%)
普通交易数: 184 (97.4%)
------------------------
区块 2 信息:
总交易数: 125
跨链交易数: 6 (4.8%)
普通交易数: 119 (95.2%)
------------------------
区块 3 信息:
总交易数: 113
跨链交易数: 5 (4.4%)
普通交易数: 108 (95.6%)
------------------------
区块 4 信息:
总交易数: 178
跨链交易数: 5 (2.8%)
普通交易数: 173 (97.2%)
------------------------
区块 5 信息:
总交易数: 133
跨链交易数: 11 (8.3%)
普通交易数: 122 (91.7%)
------------------------
区块 6 信息:
总交易数: 105
跨链交易数: 12 (11.4%)
普通交易数: 93 (88.6%)
------------------------
区块 7 信息:
总交易数: 174
跨链交易数: 5 (2.9%)
普通交易数: 169 (97.1%)
------------------------
区块 8 信息:
总交易数: 148
跨链交易数: 7 (4.7%)
普通交易数: 141 (95.3%)
------------------------
区块 9 信息:
总交易数: 142
跨链交易数: 8 (5.6%)
普通交易数: 134 (94.4%)
------------------------
区块 10 信息:
总交易数: 86
跨链交易数: 6 (7.0%)
普通交易数: 80 (93.0%)
------------------------
===== 区块信息结束 =====
================================


========== 测试时间: 2025-04-17 16:37:45 ==========
测试参数:
账户数量: 10000
线程数量: 4
Zipf指数: 1.2
运行时间: 50秒
===== 区块信息输出 =====
所有区块信息:
========================
区块 1 信息:
总交易数: 112
跨链交易数: 7 (6.2%)
普通交易数: 105 (93.8%)
------------------------
区块 2 信息:
总交易数: 105
跨链交易数: 6 (5.7%)
普通交易数: 99 (94.3%)
------------------------
区块 3 信息:
总交易数: 147
跨链交易数: 8 (5.4%)
普通交易数: 139 (94.6%)
------------------------
区块 4 信息:
总交易数: 148
跨链交易数: 8 (5.4%)
普通交易数: 140 (94.6%)
------------------------
区块 5 信息:
总交易数: 99
跨链交易数: 4 (4.0%)
普通交易数: 95 (96.0%)
------------------------
区块 6 信息:
总交易数: 200
跨链交易数: 4 (2.0%)
普通交易数: 196 (98.0%)
------------------------
区块 7 信息:
总交易数: 92
跨链交易数: 9 (9.8%)
普通交易数: 83 (90.2%)
------------------------
区块 8 信息:
总交易数: 164
跨链交易数: 6 (3.7%)
普通交易数: 158 (96.3%)
------------------------
区块 9 信息:
总交易数: 152
跨链交易数: 8 (5.3%)
普通交易数: 144 (94.7%)
------------------------
区块 10 信息:
总交易数: 58
跨链交易数: 4 (6.9%)
普通交易数: 54 (93.1%)
------------------------
===== 区块信息结束 =====
================================


========== 测试时间: 2025-04-17 16:39:02 ==========
测试参数:
账户数量: 10000
线程数量: 4
Zipf指数: 1.2
运行时间: 50秒
===== 区块信息输出 =====
所有区块信息:
========================
区块 1 信息:
总交易数: 105
跨链交易数: 9 (8.6%)
普通交易数: 96 (91.4%)
------------------------
区块 2 信息:
总交易数: 146
跨链交易数: 7 (4.8%)
普通交易数: 139 (95.2%)
------------------------
区块 3 信息:
总交易数: 143
跨链交易数: 6 (4.2%)
普通交易数: 137 (95.8%)
------------------------
区块 4 信息:
总交易数: 151
跨链交易数: 5 (3.3%)
普通交易数: 146 (96.7%)
------------------------
区块 5 信息:
总交易数: 132
跨链交易数: 7 (5.3%)
普通交易数: 125 (94.7%)
------------------------
区块 6 信息:
总交易数: 158
跨链交易数: 6 (3.8%)
普通交易数: 152 (96.2%)
------------------------
区块 7 信息:
总交易数: 113
跨链交易数: 11 (9.7%)
普通交易数: 102 (90.3%)
------------------------
区块 8 信息:
总交易数: 164
跨链交易数: 7 (4.3%)
普通交易数: 157 (95.7%)
------------------------
区块 9 信息:
总交易数: 162
跨链交易数: 5 (3.1%)
普通交易数: 157 (96.9%)
------------------------
区块 10 信息:
总交易数: 137
跨链交易数: 8 (5.8%)
普通交易数: 129 (94.2%)
------------------------
===== 区块信息结束 =====
================================
-------------------------------------------------------------------------------zipf =1.2 ctx =0.08


========== 测试时间: 2025-04-17 16:40:42 ==========
测试参数:
账户数量: 10000
线程数量: 4
Zipf指数: 1.2
运行时间: 50秒
===== 区块信息输出 =====
所有区块信息:
========================
区块 1 信息:
总交易数: 126
跨链交易数: 11 (8.7%)
普通交易数: 115 (91.3%)
------------------------
区块 2 信息:
总交易数: 127
跨链交易数: 12 (9.4%)
普通交易数: 115 (90.6%)
------------------------
区块 3 信息:
总交易数: 92
跨链交易数: 6 (6.5%)
普通交易数: 86 (93.5%)
------------------------
区块 4 信息:
总交易数: 124
跨链交易数: 11 (8.9%)
普通交易数: 113 (91.1%)
------------------------
区块 5 信息:
总交易数: 126
跨链交易数: 12 (9.5%)
普通交易数: 114 (90.5%)
------------------------
区块 6 信息:
总交易数: 108
跨链交易数: 10 (9.3%)
普通交易数: 98 (90.7%)
------------------------
区块 7 信息:
总交易数: 136
跨链交易数: 8 (5.9%)
普通交易数: 128 (94.1%)
------------------------
区块 8 信息:
总交易数: 97
跨链交易数: 8 (8.2%)
普通交易数: 89 (91.8%)
------------------------
区块 9 信息:
总交易数: 143
跨链交易数: 8 (5.6%)
普通交易数: 135 (94.4%)
------------------------
区块 10 信息:
总交易数: 120
跨链交易数: 11 (9.2%)
普通交易数: 109 (90.8%)
------------------------
===== 区块信息结束 =====
================================


========== 测试时间: 2025-04-17 16:41:41 ==========
测试参数:
账户数量: 10000
线程数量: 4
Zipf指数: 1.2
运行时间: 50秒
===== 区块信息输出 =====
所有区块信息:
========================
区块 1 信息:
总交易数: 144
跨链交易数: 10 (6.9%)
普通交易数: 134 (93.1%)
------------------------
区块 2 信息:
总交易数: 126
跨链交易数: 10 (7.9%)
普通交易数: 116 (92.1%)
------------------------
区块 3 信息:
总交易数: 119
跨链交易数: 9 (7.6%)
普通交易数: 110 (92.4%)
------------------------
区块 4 信息:
总交易数: 132
跨链交易数: 13 (9.8%)
普通交易数: 119 (90.2%)
------------------------
区块 5 信息:
总交易数: 131
跨链交易数: 7 (5.3%)
普通交易数: 124 (94.7%)
------------------------
区块 6 信息:
总交易数: 119
跨链交易数: 14 (11.8%)
普通交易数: 105 (88.2%)
------------------------
区块 7 信息:
总交易数: 100
跨链交易数: 12 (12.0%)
普通交易数: 88 (88.0%)
------------------------
区块 8 信息:
总交易数: 95
跨链交易数: 13 (13.7%)
普通交易数: 82 (86.3%)
------------------------
区块 9 信息:
总交易数: 125
跨链交易数: 10 (8.0%)
普通交易数: 115 (92.0%)
------------------------
区块 10 信息:
总交易数: 108
跨链交易数: 6 (5.6%)
普通交易数: 102 (94.4%)
------------------------
===== 区块信息结束 =====
================================


========== 测试时间: 2025-04-17 16:43:34 ==========
测试参数:
账户数量: 10000
线程数量: 4
Zipf指数: 1.2
运行时间: 50秒
===== 区块信息输出 =====
所有区块信息:
========================
区块 1 信息:
总交易数: 94
跨链交易数: 14 (14.9%)
普通交易数: 80 (85.1%)
------------------------
区块 2 信息:
总交易数: 119
跨链交易数: 10 (8.4%)
普通交易数: 109 (91.6%)
------------------------
区块 3 信息:
总交易数: 97
跨链交易数: 14 (14.4%)
普通交易数: 83 (85.6%)
------------------------
区块 4 信息:
总交易数: 97
跨链交易数: 11 (11.3%)
普通交易数: 86 (88.7%)
------------------------
区块 5 信息:
总交易数: 122
跨链交易数: 9 (7.4%)
普通交易数: 113 (92.6%)
------------------------
区块 6 信息:
总交易数: 83
跨链交易数: 10 (12.0%)
普通交易数: 73 (88.0%)
------------------------
区块 7 信息:
总交易数: 110
跨链交易数: 11 (10.0%)
普通交易数: 99 (90.0%)
------------------------
区块 8 信息:
总交易数: 128
跨链交易数: 9 (7.0%)
普通交易数: 119 (93.0%)
------------------------
区块 9 信息:
总交易数: 124
跨链交易数: 10 (8.1%)
普通交易数: 114 (91.9%)
------------------------
区块 10 信息:
总交易数: 120
跨链交易数: 11 (9.2%)
普通交易数: 109 (90.8%)
------------------------
===== 区块信息结束 =====
================================


========== 测试时间: 2025-04-17 16:44:27 ==========
测试参数:
账户数量: 10000
线程数量: 4
Zipf指数: 1.2
运行时间: 50秒
===== 区块信息输出 =====
所有区块信息:
========================
区块 1 信息:
总交易数: 147
跨链交易数: 10 (6.8%)
普通交易数: 137 (93.2%)
------------------------
区块 2 信息:
总交易数: 118
跨链交易数: 11 (9.3%)
普通交易数: 107 (90.7%)
------------------------
区块 3 信息:
总交易数: 102
跨链交易数: 7 (6.9%)
普通交易数: 95 (93.1%)
------------------------
区块 4 信息:
总交易数: 119
跨链交易数: 11 (9.2%)
普通交易数: 108 (90.8%)
------------------------
区块 5 信息:
总交易数: 124
跨链交易数: 9 (7.3%)
普通交易数: 115 (92.7%)
------------------------
区块 6 信息:
总交易数: 105
跨链交易数: 12 (11.4%)
普通交易数: 93 (88.6%)
------------------------
区块 7 信息:
总交易数: 110
跨链交易数: 6 (5.5%)
普通交易数: 104 (94.5%)
------------------------
区块 8 信息:
总交易数: 125
跨链交易数: 11 (8.8%)
普通交易数: 114 (91.2%)
------------------------
区块 9 信息:
总交易数: 132
跨链交易数: 8 (6.1%)
普通交易数: 124 (93.9%)
------------------------
区块 10 信息:
总交易数: 43
跨链交易数: 10 (23.3%)
普通交易数: 33 (76.7%)
------------------------
===== 区块信息结束 =====
================================


========== 测试时间: 2025-04-17 16:45:47 ==========
测试参数:
账户数量: 10000
线程数量: 4
Zipf指数: 1.2
运行时间: 50秒
===== 区块信息输出 =====
所有区块信息:
========================
区块 1 信息:
总交易数: 98
跨链交易数: 12 (12.2%)
普通交易数: 86 (87.8%)
------------------------
区块 2 信息:
总交易数: 117
跨链交易数: 11 (9.4%)
普通交易数: 106 (90.6%)
------------------------
区块 3 信息:
总交易数: 127
跨链交易数: 12 (9.4%)
普通交易数: 115 (90.6%)
------------------------
区块 4 信息:
总交易数: 92
跨链交易数: 6 (6.5%)
普通交易数: 86 (93.5%)
------------------------
区块 5 信息:
总交易数: 119
跨链交易数: 12 (10.1%)
普通交易数: 107 (89.9%)
------------------------
区块 6 信息:
总交易数: 112
跨链交易数: 12 (10.7%)
普通交易数: 100 (89.3%)
------------------------
区块 7 信息:
总交易数: 84
跨链交易数: 7 (8.3%)
普通交易数: 77 (91.7%)
------------------------
区块 8 信息:
总交易数: 105
跨链交易数: 12 (11.4%)
普通交易数: 93 (88.6%)
------------------------
区块 9 信息:
总交易数: 128
跨链交易数: 10 (7.8%)
普通交易数: 118 (92.2%)
------------------------
区块 10 信息:
总交易数: 100
跨链交易数: 11 (11.0%)
普通交易数: 89 (89.0%)
------------------------
===== 区块信息结束 =====
================================
-------------------------------------------------------------------------------zipf =1.2 ctx =0.12


========== 测试时间: 2025-04-17 20:47:39 ==========
测试参数:
账户数量: 10000
线程数量: 4
Zipf指数: 1.2
运行时间: 50秒
===== 区块信息输出 =====
所有区块信息:
========================
区块 1 信息:
总交易数: 101
跨链交易数: 8 (7.9%)
普通交易数: 93 (92.1%)
------------------------
区块 2 信息:
总交易数: 71
跨链交易数: 12 (16.9%)
普通交易数: 59 (83.1%)
------------------------
区块 3 信息:
总交易数: 95
跨链交易数: 15 (15.8%)
普通交易数: 80 (84.2%)
------------------------
区块 4 信息:
总交易数: 100
跨链交易数: 11 (11.0%)
普通交易数: 89 (89.0%)
------------------------
区块 5 信息:
总交易数: 104
跨链交易数: 12 (11.5%)
普通交易数: 92 (88.5%)
------------------------
区块 6 信息:
总交易数: 111
跨链交易数: 11 (9.9%)
普通交易数: 100 (90.1%)
------------------------
区块 7 信息:
总交易数: 87
跨链交易数: 14 (16.1%)
普通交易数: 73 (83.9%)
------------------------
区块 8 信息:
总交易数: 85
跨链交易数: 15 (17.6%)
普通交易数: 70 (82.4%)
------------------------
区块 9 信息:
总交易数: 72
跨链交易数: 9 (12.5%)
普通交易数: 63 (87.5%)
------------------------
区块 10 信息:
总交易数: 58
跨链交易数: 8 (13.8%)
普通交易数: 50 (86.2%)
------------------------
===== 区块信息结束 =====
================================


========== 测试时间: 2025-04-17 20:48:50 ==========
测试参数:
账户数量: 10000
线程数量: 4
Zipf指数: 1.2
运行时间: 50秒
===== 区块信息输出 =====
所有区块信息:
========================
区块 1 信息:
总交易数: 99
跨链交易数: 14 (14.1%)
普通交易数: 85 (85.9%)
------------------------
区块 2 信息:
总交易数: 65
跨链交易数: 6 (9.2%)
普通交易数: 59 (90.8%)
------------------------
区块 3 信息:
总交易数: 75
跨链交易数: 13 (17.3%)
普通交易数: 62 (82.7%)
------------------------
区块 4 信息:
总交易数: 110
跨链交易数: 10 (9.1%)
普通交易数: 100 (90.9%)
------------------------
区块 5 信息:
总交易数: 84
跨链交易数: 14 (16.7%)
普通交易数: 70 (83.3%)
------------------------
区块 6 信息:
总交易数: 71
跨链交易数: 16 (22.5%)
普通交易数: 55 (77.5%)
------------------------
区块 7 信息:
总交易数: 80
跨链交易数: 12 (15.0%)
普通交易数: 68 (85.0%)
------------------------
区块 8 信息:
总交易数: 63
跨链交易数: 9 (14.3%)
普通交易数: 54 (85.7%)
------------------------
区块 9 信息:
总交易数: 128
跨链交易数: 11 (8.6%)
普通交易数: 117 (91.4%)
------------------------
区块 10 信息:
总交易数: 104
跨链交易数: 12 (11.5%)
普通交易数: 92 (88.5%)
------------------------
===== 区块信息结束 =====
================================


========== 测试时间: 2025-04-17 20:50:55 ==========
测试参数:
账户数量: 10000
线程数量: 4
Zipf指数: 1.2
运行时间: 50秒
===== 区块信息输出 =====
所有区块信息:
========================
区块 1 信息:
总交易数: 84
跨链交易数: 14 (16.7%)
普通交易数: 70 (83.3%)
------------------------
区块 2 信息:
总交易数: 74
跨链交易数: 13 (17.6%)
普通交易数: 61 (82.4%)
------------------------
区块 3 信息:
总交易数: 92
跨链交易数: 13 (14.1%)
普通交易数: 79 (85.9%)
------------------------
区块 4 信息:
总交易数: 106
跨链交易数: 13 (12.3%)
普通交易数: 93 (87.7%)
------------------------
区块 5 信息:
总交易数: 107
跨链交易数: 9 (8.4%)
普通交易数: 98 (91.6%)
------------------------
区块 6 信息:
总交易数: 105
跨链交易数: 12 (11.4%)
普通交易数: 93 (88.6%)
------------------------
区块 7 信息:
总交易数: 51
跨链交易数: 12 (23.5%)
普通交易数: 39 (76.5%)
------------------------
区块 8 信息:
总交易数: 72
跨链交易数: 16 (22.2%)
普通交易数: 56 (77.8%)
------------------------
区块 9 信息:
总交易数: 113
跨链交易数: 8 (7.1%)
普通交易数: 105 (92.9%)
------------------------
区块 10 信息:
总交易数: 86
跨链交易数: 11 (12.8%)
普通交易数: 75 (87.2%)
------------------------
===== 区块信息结束 =====
================================


========== 测试时间: 2025-04-17 20:52:30 ==========
测试参数:
账户数量: 10000
线程数量: 4
Zipf指数: 1.2
运行时间: 50秒
===== 区块信息输出 =====
所有区块信息:
========================
区块 1 信息:
总交易数: 108
跨链交易数: 7 (6.5%)
普通交易数: 101 (93.5%)
------------------------
区块 2 信息:
总交易数: 110
跨链交易数: 12 (10.9%)
普通交易数: 98 (89.1%)
------------------------
区块 3 信息:
总交易数: 66
跨链交易数: 13 (19.7%)
普通交易数: 53 (80.3%)
------------------------
区块 4 信息:
总交易数: 101
跨链交易数: 12 (11.9%)
普通交易数: 89 (88.1%)
------------------------
区块 5 信息:
总交易数: 63
跨链交易数: 10 (15.9%)
普通交易数: 53 (84.1%)
------------------------
区块 6 信息:
总交易数: 78
跨链交易数: 11 (14.1%)
普通交易数: 67 (85.9%)
------------------------
区块 7 信息:
总交易数: 103
跨链交易数: 11 (10.7%)
普通交易数: 92 (89.3%)
------------------------
区块 8 信息:
总交易数: 96
跨链交易数: 11 (11.5%)
普通交易数: 85 (88.5%)
------------------------
区块 9 信息:
总交易数: 102
跨链交易数: 13 (12.7%)
普通交易数: 89 (87.3%)
------------------------
区块 10 信息:
总交易数: 104
跨链交易数: 11 (10.6%)
普通交易数: 93 (89.4%)
------------------------
===== 区块信息结束 =====
================================


========== 测试时间: 2025-04-17 20:53:23 ==========
测试参数:
账户数量: 10000
线程数量: 4
Zipf指数: 1.2
运行时间: 50秒
===== 区块信息输出 =====
所有区块信息:
========================
区块 1 信息:
总交易数: 120
跨链交易数: 11 (9.2%)
普通交易数: 109 (90.8%)
------------------------
区块 2 信息:
总交易数: 76
跨链交易数: 8 (10.5%)
普通交易数: 68 (89.5%)
------------------------
区块 3 信息:
总交易数: 98
跨链交易数: 15 (15.3%)
普通交易数: 83 (84.7%)
------------------------
区块 4 信息:
总交易数: 91
跨链交易数: 10 (11.0%)
普通交易数: 81 (89.0%)
------------------------
区块 5 信息:
总交易数: 135
跨链交易数: 10 (7.4%)
普通交易数: 125 (92.6%)
------------------------
区块 6 信息:
总交易数: 101
跨链交易数: 12 (11.9%)
普通交易数: 89 (88.1%)
------------------------
区块 7 信息:
总交易数: 77
跨链交易数: 13 (16.9%)
普通交易数: 64 (83.1%)
------------------------
区块 8 信息:
总交易数: 99
跨链交易数: 7 (7.1%)
普通交易数: 92 (92.9%)
------------------------
区块 9 信息:
总交易数: 80
跨链交易数: 13 (16.2%)
普通交易数: 67 (83.8%)
------------------------
区块 10 信息:
总交易数: 38
跨链交易数: 9 (23.7%)
普通交易数: 29 (76.3%)
------------------------
===== 区块信息结束 =====
================================
-------------------------------------------------------------------------------zipf =1.2 ctx =0.16


========== 测试时间: 2025-04-17 20:55:52 ==========
测试参数:
账户数量: 10000
线程数量: 4
Zipf指数: 1.2
运行时间: 50秒
===== 区块信息输出 =====
所有区块信息:
========================
区块 1 信息:
总交易数: 87
跨链交易数: 13 (14.9%)
普通交易数: 74 (85.1%)
------------------------
区块 2 信息:
总交易数: 89
跨链交易数: 14 (15.7%)
普通交易数: 75 (84.3%)
------------------------
区块 3 信息:
总交易数: 79
跨链交易数: 16 (20.3%)
普通交易数: 63 (79.7%)
------------------------
区块 4 信息:
总交易数: 77
跨链交易数: 12 (15.6%)
普通交易数: 65 (84.4%)
------------------------
区块 5 信息:
总交易数: 87
跨链交易数: 15 (17.2%)
普通交易数: 72 (82.8%)
------------------------
区块 6 信息:
总交易数: 79
跨链交易数: 12 (15.2%)
普通交易数: 67 (84.8%)
------------------------
区块 7 信息:
总交易数: 79
跨链交易数: 13 (16.5%)
普通交易数: 66 (83.5%)
------------------------
区块 8 信息:
总交易数: 90
跨链交易数: 15 (16.7%)
普通交易数: 75 (83.3%)
------------------------
区块 9 信息:
总交易数: 84
跨链交易数: 11 (13.1%)
普通交易数: 73 (86.9%)
------------------------
区块 10 信息:
总交易数: 55
跨链交易数: 13 (23.6%)
普通交易数: 42 (76.4%)
------------------------
===== 区块信息结束 =====
================================


========== 测试时间: 2025-04-17 20:57:20 ==========
测试参数:
账户数量: 10000
线程数量: 4
Zipf指数: 1.2
运行时间: 50秒
===== 区块信息输出 =====
所有区块信息:
========================
区块 1 信息:
总交易数: 82
跨链交易数: 15 (18.3%)
普通交易数: 67 (81.7%)
------------------------
区块 2 信息:
总交易数: 57
跨链交易数: 15 (26.3%)
普通交易数: 42 (73.7%)
------------------------
区块 3 信息:
总交易数: 71
跨链交易数: 14 (19.7%)
普通交易数: 57 (80.3%)
------------------------
区块 4 信息:
总交易数: 64
跨链交易数: 13 (20.3%)
普通交易数: 51 (79.7%)
------------------------
区块 5 信息:
总交易数: 97
跨链交易数: 12 (12.4%)
普通交易数: 85 (87.6%)
------------------------
区块 6 信息:
总交易数: 91
跨链交易数: 15 (16.5%)
普通交易数: 76 (83.5%)
------------------------
区块 7 信息:
总交易数: 73
跨链交易数: 11 (15.1%)
普通交易数: 62 (84.9%)
------------------------
区块 8 信息:
总交易数: 67
跨链交易数: 16 (23.9%)
普通交易数: 51 (76.1%)
------------------------
区块 9 信息:
总交易数: 74
跨链交易数: 15 (20.3%)
普通交易数: 59 (79.7%)
------------------------
区块 10 信息:
总交易数: 37
跨链交易数: 9 (24.3%)
普通交易数: 28 (75.7%)
------------------------
===== 区块信息结束 =====
================================


========== 测试时间: 2025-04-17 20:58:22 ==========
测试参数:
账户数量: 10000
线程数量: 4
Zipf指数: 1.2
运行时间: 50秒
===== 区块信息输出 =====
所有区块信息:
========================
区块 1 信息:
总交易数: 93
跨链交易数: 15 (16.1%)
普通交易数: 78 (83.9%)
------------------------
区块 2 信息:
总交易数: 98
跨链交易数: 13 (13.3%)
普通交易数: 85 (86.7%)
------------------------
区块 3 信息:
总交易数: 78
跨链交易数: 13 (16.7%)
普通交易数: 65 (83.3%)
------------------------
区块 4 信息:
总交易数: 73
跨链交易数: 13 (17.8%)
普通交易数: 60 (82.2%)
------------------------
区块 5 信息:
总交易数: 56
跨链交易数: 15 (26.8%)
普通交易数: 41 (73.2%)
------------------------
区块 6 信息:
总交易数: 75
跨链交易数: 16 (21.3%)
普通交易数: 59 (78.7%)
------------------------
区块 7 信息:
总交易数: 106
跨链交易数: 10 (9.4%)
普通交易数: 96 (90.6%)
------------------------
区块 8 信息:
总交易数: 93
跨链交易数: 13 (14.0%)
普通交易数: 80 (86.0%)
------------------------
区块 9 信息:
总交易数: 71
跨链交易数: 14 (19.7%)
普通交易数: 57 (80.3%)
------------------------
区块 10 信息:
总交易数: 70
跨链交易数: 13 (18.6%)
普通交易数: 57 (81.4%)
------------------------
===== 区块信息结束 =====
================================


========== 测试时间: 2025-04-17 20:59:22 ==========
测试参数:
账户数量: 10000
线程数量: 4
Zipf指数: 1.2
运行时间: 50秒
===== 区块信息输出 =====
所有区块信息:
========================
区块 1 信息:
总交易数: 79
跨链交易数: 9 (11.4%)
普通交易数: 70 (88.6%)
------------------------
区块 2 信息:
总交易数: 100
跨链交易数: 13 (13.0%)
普通交易数: 87 (87.0%)
------------------------
区块 3 信息:
总交易数: 68
跨链交易数: 14 (20.6%)
普通交易数: 54 (79.4%)
------------------------
区块 4 信息:
总交易数: 76
跨链交易数: 12 (15.8%)
普通交易数: 64 (84.2%)
------------------------
区块 5 信息:
总交易数: 85
跨链交易数: 14 (16.5%)
普通交易数: 71 (83.5%)
------------------------
区块 6 信息:
总交易数: 69
跨链交易数: 12 (17.4%)
普通交易数: 57 (82.6%)
------------------------
区块 7 信息:
总交易数: 105
跨链交易数: 11 (10.5%)
普通交易数: 94 (89.5%)
------------------------
区块 8 信息:
总交易数: 94
跨链交易数: 12 (12.8%)
普通交易数: 82 (87.2%)
------------------------
区块 9 信息:
总交易数: 88
跨链交易数: 13 (14.8%)
普通交易数: 75 (85.2%)
------------------------
区块 10 信息:
总交易数: 68
跨链交易数: 14 (20.6%)
普通交易数: 54 (79.4%)
------------------------
===== 区块信息结束 =====
================================


========== 测试时间: 2025-04-17 21:01:05 ==========
测试参数:
账户数量: 10000
线程数量: 4
Zipf指数: 1.2
运行时间: 50秒
===== 区块信息输出 =====
所有区块信息:
========================
区块 1 信息:
总交易数: 66
跨链交易数: 12 (18.2%)
普通交易数: 54 (81.8%)
------------------------
区块 2 信息:
总交易数: 94
跨链交易数: 13 (13.8%)
普通交易数: 81 (86.2%)
------------------------
区块 3 信息:
总交易数: 98
跨链交易数: 12 (12.2%)
普通交易数: 86 (87.8%)
------------------------
区块 4 信息:
总交易数: 92
跨链交易数: 13 (14.1%)
普通交易数: 79 (85.9%)
------------------------
区块 5 信息:
总交易数: 59
跨链交易数: 14 (23.7%)
普通交易数: 45 (76.3%)
------------------------
区块 6 信息:
总交易数: 92
跨链交易数: 15 (16.3%)
普通交易数: 77 (83.7%)
------------------------
区块 7 信息:
总交易数: 102
跨链交易数: 8 (7.8%)
普通交易数: 94 (92.2%)
------------------------
区块 8 信息:
总交易数: 58
跨链交易数: 14 (24.1%)
普通交易数: 44 (75.9%)
------------------------
区块 9 信息:
总交易数: 65
跨链交易数: 14 (21.5%)
普通交易数: 51 (78.5%)
------------------------
区块 10 信息:
总交易数: 67
跨链交易数: 16 (23.9%)
普通交易数: 51 (76.1%)
------------------------
===== 区块信息结束 =====
================================
-------------------------------------------------------------------------------zipf =1.2 ctx =0.2


========== 测试时间: 2025-04-17 21:03:46 ==========
测试参数:
账户数量: 10000
线程数量: 4
Zipf指数: 1.2
运行时间: 50秒
===== 区块信息输出 =====
所有区块信息:
========================
区块 1 信息:
总交易数: 99
跨链交易数: 10 (10.1%)
普通交易数: 89 (89.9%)
------------------------
区块 2 信息:
总交易数: 88
跨链交易数: 13 (14.8%)
普通交易数: 75 (85.2%)
------------------------
区块 3 信息:
总交易数: 64
跨链交易数: 12 (18.8%)
普通交易数: 52 (81.2%)
------------------------
区块 4 信息:
总交易数: 81
跨链交易数: 13 (16.0%)
普通交易数: 68 (84.0%)
------------------------
区块 5 信息:
总交易数: 82
跨链交易数: 15 (18.3%)
普通交易数: 67 (81.7%)
------------------------
区块 6 信息:
总交易数: 79
跨链交易数: 13 (16.5%)
普通交易数: 66 (83.5%)
------------------------
区块 7 信息:
总交易数: 60
跨链交易数: 10 (16.7%)
普通交易数: 50 (83.3%)
------------------------
区块 8 信息:
总交易数: 52
跨链交易数: 15 (28.8%)
普通交易数: 37 (71.2%)
------------------------
区块 9 信息:
总交易数: 61
跨链交易数: 15 (24.6%)
普通交易数: 46 (75.4%)
------------------------
区块 10 信息:
总交易数: 68
跨链交易数: 8 (11.8%)
普通交易数: 60 (88.2%)
------------------------
===== 区块信息结束 =====
================================


========== 测试时间: 2025-04-17 21:04:42 ==========
测试参数:
账户数量: 10000
线程数量: 4
Zipf指数: 1.2
运行时间: 50秒
===== 区块信息输出 =====
所有区块信息:
========================
区块 1 信息:
总交易数: 87
跨链交易数: 15 (17.2%)
普通交易数: 72 (82.8%)
------------------------
区块 2 信息:
总交易数: 68
跨链交易数: 12 (17.6%)
普通交易数: 56 (82.4%)
------------------------
区块 3 信息:
总交易数: 50
跨链交易数: 9 (18.0%)
普通交易数: 41 (82.0%)
------------------------
区块 4 信息:
总交易数: 81
跨链交易数: 13 (16.0%)
普通交易数: 68 (84.0%)
------------------------
区块 5 信息:
总交易数: 75
跨链交易数: 14 (18.7%)
普通交易数: 61 (81.3%)
------------------------
区块 6 信息:
总交易数: 60
跨链交易数: 15 (25.0%)
普通交易数: 45 (75.0%)
------------------------
区块 7 信息:
总交易数: 64
跨链交易数: 13 (20.3%)
普通交易数: 51 (79.7%)
------------------------
区块 8 信息:
总交易数: 66
跨链交易数: 16 (24.2%)
普通交易数: 50 (75.8%)
------------------------
区块 9 信息:
总交易数: 82
跨链交易数: 13 (15.9%)
普通交易数: 69 (84.1%)
------------------------
区块 10 信息:
总交易数: 78
跨链交易数: 13 (16.7%)
普通交易数: 65 (83.3%)
------------------------
===== 区块信息结束 =====
================================


========== 测试时间: 2025-04-17 21:05:37 ==========
测试参数:
账户数量: 10000
线程数量: 4
Zipf指数: 1.2
运行时间: 50秒
===== 区块信息输出 =====
所有区块信息:
========================
区块 1 信息:
总交易数: 45
跨链交易数: 16 (35.6%)
普通交易数: 29 (64.4%)
------------------------
区块 2 信息:
总交易数: 79
跨链交易数: 11 (13.9%)
普通交易数: 68 (86.1%)
------------------------
区块 3 信息:
总交易数: 54
跨链交易数: 11 (20.4%)
普通交易数: 43 (79.6%)
------------------------
区块 4 信息:
总交易数: 57
跨链交易数: 16 (28.1%)
普通交易数: 41 (71.9%)
------------------------
区块 5 信息:
总交易数: 65
跨链交易数: 15 (23.1%)
普通交易数: 50 (76.9%)
------------------------
区块 6 信息:
总交易数: 57
跨链交易数: 16 (28.1%)
普通交易数: 41 (71.9%)
------------------------
区块 7 信息:
总交易数: 71
跨链交易数: 11 (15.5%)
普通交易数: 60 (84.5%)
------------------------
区块 8 信息:
总交易数: 89
跨链交易数: 13 (14.6%)
普通交易数: 76 (85.4%)
------------------------
区块 9 信息:
总交易数: 66
跨链交易数: 14 (21.2%)
普通交易数: 52 (78.8%)
------------------------
区块 10 信息:
总交易数: 75
跨链交易数: 10 (13.3%)
普通交易数: 65 (86.7%)
------------------------
===== 区块信息结束 =====
================================


========== 测试时间: 2025-04-17 21:09:19 ==========
测试参数:
账户数量: 10000
线程数量: 4
Zipf指数: 1.2
运行时间: 50秒
===== 区块信息输出 =====
所有区块信息:
========================
区块 1 信息:
总交易数: 63
跨链交易数: 12 (19.0%)
普通交易数: 51 (81.0%)
------------------------
区块 2 信息:
总交易数: 56
跨链交易数: 16 (28.6%)
普通交易数: 40 (71.4%)
------------------------
区块 3 信息:
总交易数: 51
跨链交易数: 14 (27.5%)
普通交易数: 37 (72.5%)
------------------------
区块 4 信息:
总交易数: 53
跨链交易数: 18 (34.0%)
普通交易数: 35 (66.0%)
------------------------
区块 5 信息:
总交易数: 49
跨链交易数: 15 (30.6%)
普通交易数: 34 (69.4%)
------------------------
区块 6 信息:
总交易数: 52
跨链交易数: 15 (28.8%)
普通交易数: 37 (71.2%)
------------------------
区块 7 信息:
总交易数: 57
跨链交易数: 15 (26.3%)
普通交易数: 42 (73.7%)
------------------------
区块 8 信息:
总交易数: 69
跨链交易数: 10 (14.5%)
普通交易数: 59 (85.5%)
------------------------
区块 9 信息:
总交易数: 74
跨链交易数: 13 (17.6%)
普通交易数: 61 (82.4%)
------------------------
区块 10 信息:
总交易数: 69
跨链交易数: 14 (20.3%)
普通交易数: 55 (79.7%)
------------------------
===== 区块信息结束 =====
================================


========== 测试时间: 2025-04-17 21:10:25 ==========
测试参数:
账户数量: 10000
线程数量: 4
Zipf指数: 1.2
运行时间: 50秒
===== 区块信息输出 =====
所有区块信息:
========================
区块 1 信息:
总交易数: 71
跨链交易数: 18 (25.4%)
普通交易数: 53 (74.6%)
------------------------
区块 2 信息:
总交易数: 32
跨链交易数: 12 (37.5%)
普通交易数: 20 (62.5%)
------------------------
区块 3 信息:
总交易数: 82
跨链交易数: 13 (15.9%)
普通交易数: 69 (84.1%)
------------------------
区块 4 信息:
总交易数: 80
跨链交易数: 15 (18.8%)
普通交易数: 65 (81.2%)
------------------------
区块 5 信息:
总交易数: 69
跨链交易数: 14 (20.3%)
普通交易数: 55 (79.7%)
------------------------
区块 6 信息:
总交易数: 53
跨链交易数: 11 (20.8%)
普通交易数: 42 (79.2%)
------------------------
区块 7 信息:
总交易数: 46
跨链交易数: 11 (23.9%)
普通交易数: 35 (76.1%)
------------------------
区块 8 信息:
总交易数: 91
跨链交易数: 14 (15.4%)
普通交易数: 77 (84.6%)
------------------------
区块 9 信息:
总交易数: 71
跨链交易数: 16 (22.5%)
普通交易数: 55 (77.5%)
------------------------
区块 10 信息:
总交易数: 40
跨链交易数: 14 (35.0%)
普通交易数: 26 (65.0%)
------------------------
===== 区块信息结束 =====
================================
-------------------------------------------------------------------------------zipf =0.8 ctx =0.04


========== 测试时间: 2025-04-17 21:12:30 ==========
测试参数:
账户数量: 10000
线程数量: 4
Zipf指数: 0.8
运行时间: 50秒
===== 区块信息输出 =====
所有区块信息:
========================
区块 1 信息:
总交易数: 152
跨链交易数: 6 (3.9%)
普通交易数: 146 (96.1%)
------------------------
区块 2 信息:
总交易数: 200
跨链交易数: 2 (1.0%)
普通交易数: 198 (99.0%)
------------------------
区块 3 信息:
总交易数: 192
跨链交易数: 3 (1.6%)
普通交易数: 189 (98.4%)
------------------------
区块 4 信息:
总交易数: 176
跨链交易数: 5 (2.8%)
普通交易数: 171 (97.2%)
------------------------
区块 5 信息:
总交易数: 190
跨链交易数: 4 (2.1%)
普通交易数: 186 (97.9%)
------------------------
区块 6 信息:
总交易数: 168
跨链交易数: 7 (4.2%)
普通交易数: 161 (95.8%)
------------------------
区块 7 信息:
总交易数: 199
跨链交易数: 4 (2.0%)
普通交易数: 195 (98.0%)
------------------------
区块 8 信息:
总交易数: 198
跨链交易数: 3 (1.5%)
普通交易数: 195 (98.5%)
------------------------
区块 9 信息:
总交易数: 200
跨链交易数: 3 (1.5%)
普通交易数: 197 (98.5%)
------------------------
区块 10 信息:
总交易数: 76
跨链交易数: 2 (2.6%)
普通交易数: 74 (97.4%)
------------------------
===== 区块信息结束 =====
================================


========== 测试时间: 2025-04-17 21:13:29 ==========
测试参数:
账户数量: 10000
线程数量: 4
Zipf指数: 0.8
运行时间: 50秒
===== 区块信息输出 =====
所有区块信息:
========================
区块 1 信息:
总交易数: 179
跨链交易数: 5 (2.8%)
普通交易数: 174 (97.2%)
------------------------
区块 2 信息:
总交易数: 121
跨链交易数: 6 (5.0%)
普通交易数: 115 (95.0%)
------------------------
区块 3 信息:
总交易数: 188
跨链交易数: 6 (3.2%)
普通交易数: 182 (96.8%)
------------------------
区块 4 信息:
总交易数: 166
跨链交易数: 5 (3.0%)
普通交易数: 161 (97.0%)
------------------------
区块 5 信息:
总交易数: 170
跨链交易数: 7 (4.1%)
普通交易数: 163 (95.9%)
------------------------
区块 6 信息:
总交易数: 180
跨链交易数: 5 (2.8%)
普通交易数: 175 (97.2%)
------------------------
区块 7 信息:
总交易数: 145
跨链交易数: 5 (3.4%)
普通交易数: 140 (96.6%)
------------------------
区块 8 信息:
总交易数: 170
跨链交易数: 6 (3.5%)
普通交易数: 164 (96.5%)
------------------------
区块 9 信息:
总交易数: 185
跨链交易数: 5 (2.7%)
普通交易数: 180 (97.3%)
------------------------
区块 10 信息:
总交易数: 154
跨链交易数: 6 (3.9%)
普通交易数: 148 (96.1%)
------------------------
===== 区块信息结束 =====
================================


========== 测试时间: 2025-04-17 21:14:30 ==========
测试参数:
账户数量: 10000
线程数量: 4
Zipf指数: 0.8
运行时间: 50秒
===== 区块信息输出 =====
所有区块信息:
========================
区块 1 信息:
总交易数: 192
跨链交易数: 5 (2.6%)
普通交易数: 187 (97.4%)
------------------------
区块 2 信息:
总交易数: 82
跨链交易数: 8 (9.8%)
普通交易数: 74 (90.2%)
------------------------
区块 3 信息:
总交易数: 174
跨链交易数: 5 (2.9%)
普通交易数: 169 (97.1%)
------------------------
区块 4 信息:
总交易数: 135
跨链交易数: 5 (3.7%)
普通交易数: 130 (96.3%)
------------------------
区块 5 信息:
总交易数: 168
跨链交易数: 6 (3.6%)
普通交易数: 162 (96.4%)
------------------------
区块 6 信息:
总交易数: 192
跨链交易数: 5 (2.6%)
普通交易数: 187 (97.4%)
------------------------
区块 7 信息:
总交易数: 142
跨链交易数: 5 (3.5%)
普通交易数: 137 (96.5%)
------------------------
区块 8 信息:
总交易数: 153
跨链交易数: 8 (5.2%)
普通交易数: 145 (94.8%)
------------------------
区块 9 信息:
总交易数: 177
跨链交易数: 5 (2.8%)
普通交易数: 172 (97.2%)
------------------------
区块 10 信息:
总交易数: 184
跨链交易数: 5 (2.7%)
普通交易数: 179 (97.3%)
------------------------
===== 区块信息结束 =====
================================


========== 测试时间: 2025-04-17 21:15:56 ==========
测试参数:
账户数量: 10000
线程数量: 4
Zipf指数: 0.8
运行时间: 50秒
===== 区块信息输出 =====
所有区块信息:
========================
区块 1 信息:
总交易数: 195
跨链交易数: 3 (1.5%)
普通交易数: 192 (98.5%)
------------------------
区块 2 信息:
总交易数: 114
跨链交易数: 6 (5.3%)
普通交易数: 108 (94.7%)
------------------------
区块 3 信息:
总交易数: 182
跨链交易数: 6 (3.3%)
普通交易数: 176 (96.7%)
------------------------
区块 4 信息:
总交易数: 162
跨链交易数: 6 (3.7%)
普通交易数: 156 (96.3%)
------------------------
区块 5 信息:
总交易数: 100
跨链交易数: 7 (7.0%)
普通交易数: 93 (93.0%)
------------------------
区块 6 信息:
总交易数: 161
跨链交易数: 6 (3.7%)
普通交易数: 155 (96.3%)
------------------------
区块 7 信息:
总交易数: 179
跨链交易数: 5 (2.8%)
普通交易数: 174 (97.2%)
------------------------
区块 8 信息:
总交易数: 149
跨链交易数: 4 (2.7%)
普通交易数: 145 (97.3%)
------------------------
区块 9 信息:
总交易数: 185
跨链交易数: 4 (2.2%)
普通交易数: 181 (97.8%)
------------------------
区块 10 信息:
总交易数: 158
跨链交易数: 4 (2.5%)
普通交易数: 154 (97.5%)
------------------------
===== 区块信息结束 =====
================================


========== 测试时间: 2025-04-17 21:16:54 ==========
测试参数:
账户数量: 10000
线程数量: 4
Zipf指数: 0.8
运行时间: 50秒
===== 区块信息输出 =====
所有区块信息:
========================
区块 1 信息:
总交易数: 186
跨链交易数: 5 (2.7%)
普通交易数: 181 (97.3%)
------------------------
区块 2 信息:
总交易数: 200
跨链交易数: 3 (1.5%)
普通交易数: 197 (98.5%)
------------------------
区块 3 信息:
总交易数: 114
跨链交易数: 8 (7.0%)
普通交易数: 106 (93.0%)
------------------------
区块 4 信息:
总交易数: 140
跨链交易数: 3 (2.1%)
普通交易数: 137 (97.9%)
------------------------
区块 5 信息:
总交易数: 170
跨链交易数: 7 (4.1%)
普通交易数: 163 (95.9%)
------------------------
区块 6 信息:
总交易数: 144
跨链交易数: 5 (3.5%)
普通交易数: 139 (96.5%)
------------------------
区块 7 信息:
总交易数: 156
跨链交易数: 6 (3.8%)
普通交易数: 150 (96.2%)
------------------------
区块 8 信息:
总交易数: 168
跨链交易数: 2 (1.2%)
普通交易数: 166 (98.8%)
------------------------
区块 9 信息:
总交易数: 171
跨链交易数: 5 (2.9%)
普通交易数: 166 (97.1%)
------------------------
区块 10 信息:
总交易数: 118
跨链交易数: 4 (3.4%)
普通交易数: 114 (96.6%)
------------------------
===== 区块信息结束 =====
================================
-------------------------------------------------------------------------------zipf =0.8 ctx =0.08


========== 测试时间: 2025-04-17 21:18:38 ==========
测试参数:
账户数量: 10000
线程数量: 4
Zipf指数: 0.8
运行时间: 50秒
===== 区块信息输出 =====
所有区块信息:
========================
区块 1 信息:
总交易数: 156
跨链交易数: 9 (5.8%)
普通交易数: 147 (94.2%)
------------------------
区块 2 信息:
总交易数: 159
跨链交易数: 6 (3.8%)
普通交易数: 153 (96.2%)
------------------------
区块 3 信息:
总交易数: 85
跨链交易数: 11 (12.9%)
普通交易数: 74 (87.1%)
------------------------
区块 4 信息:
总交易数: 149
跨链交易数: 8 (5.4%)
普通交易数: 141 (94.6%)
------------------------
区块 5 信息:
总交易数: 118
跨链交易数: 6 (5.1%)
普通交易数: 112 (94.9%)
------------------------
区块 6 信息:
总交易数: 125
跨链交易数: 11 (8.8%)
普通交易数: 114 (91.2%)
------------------------
区块 7 信息:
总交易数: 109
跨链交易数: 6 (5.5%)
普通交易数: 103 (94.5%)
------------------------
区块 8 信息:
总交易数: 117
跨链交易数: 11 (9.4%)
普通交易数: 106 (90.6%)
------------------------
区块 9 信息:
总交易数: 142
跨链交易数: 8 (5.6%)
普通交易数: 134 (94.4%)
------------------------
区块 10 信息:
总交易数: 151
跨链交易数: 9 (6.0%)
普通交易数: 142 (94.0%)
------------------------
===== 区块信息结束 =====
================================


========== 测试时间: 2025-04-17 21:19:31 ==========
测试参数:
账户数量: 10000
线程数量: 4
Zipf指数: 0.8
运行时间: 50秒
===== 区块信息输出 =====
所有区块信息:
========================
区块 1 信息:
总交易数: 127
跨链交易数: 12 (9.4%)
普通交易数: 115 (90.6%)
------------------------
区块 2 信息:
总交易数: 172
跨链交易数: 6 (3.5%)
普通交易数: 166 (96.5%)
------------------------
区块 3 信息:
总交易数: 147
跨链交易数: 8 (5.4%)
普通交易数: 139 (94.6%)
------------------------
区块 4 信息:
总交易数: 98
跨链交易数: 9 (9.2%)
普通交易数: 89 (90.8%)
------------------------
区块 5 信息:
总交易数: 157
跨链交易数: 7 (4.5%)
普通交易数: 150 (95.5%)
------------------------
区块 6 信息:
总交易数: 143
跨链交易数: 9 (6.3%)
普通交易数: 134 (93.7%)
------------------------
区块 7 信息:
总交易数: 115
跨链交易数: 12 (10.4%)
普通交易数: 103 (89.6%)
------------------------
区块 8 信息:
总交易数: 120
跨链交易数: 10 (8.3%)
普通交易数: 110 (91.7%)
------------------------
区块 9 信息:
总交易数: 107
跨链交易数: 6 (5.6%)
普通交易数: 101 (94.4%)
------------------------
区块 10 信息:
总交易数: 111
跨链交易数: 6 (5.4%)
普通交易数: 105 (94.6%)
------------------------
===== 区块信息结束 =====
================================


========== 测试时间: 2025-04-17 21:20:35 ==========
测试参数:
账户数量: 10000
线程数量: 4
Zipf指数: 0.8
运行时间: 50秒
===== 区块信息输出 =====
所有区块信息:
========================
区块 1 信息:
总交易数: 116
跨链交易数: 7 (6.0%)
普通交易数: 109 (94.0%)
------------------------
区块 2 信息:
总交易数: 130
跨链交易数: 10 (7.7%)
普通交易数: 120 (92.3%)
------------------------
区块 3 信息:
总交易数: 118
跨链交易数: 10 (8.5%)
普通交易数: 108 (91.5%)
------------------------
区块 4 信息:
总交易数: 134
跨链交易数: 10 (7.5%)
普通交易数: 124 (92.5%)
------------------------
区块 5 信息:
总交易数: 145
跨链交易数: 10 (6.9%)
普通交易数: 135 (93.1%)
------------------------
区块 6 信息:
总交易数: 128
跨链交易数: 10 (7.8%)
普通交易数: 118 (92.2%)
------------------------
区块 7 信息:
总交易数: 165
跨链交易数: 4 (2.4%)
普通交易数: 161 (97.6%)
------------------------
区块 8 信息:
总交易数: 80
跨链交易数: 8 (10.0%)
普通交易数: 72 (90.0%)
------------------------
区块 9 信息:
总交易数: 155
跨链交易数: 8 (5.2%)
普通交易数: 147 (94.8%)
------------------------
区块 10 信息:
总交易数: 128
跨链交易数: 10 (7.8%)
普通交易数: 118 (92.2%)
------------------------
===== 区块信息结束 =====
================================


========== 测试时间: 2025-04-17 21:21:34 ==========
测试参数:
账户数量: 10000
线程数量: 4
Zipf指数: 0.8
运行时间: 50秒
===== 区块信息输出 =====
所有区块信息:
========================
区块 1 信息:
总交易数: 108
跨链交易数: 7 (6.5%)
普通交易数: 101 (93.5%)
------------------------
区块 2 信息:
总交易数: 161
跨链交易数: 7 (4.3%)
普通交易数: 154 (95.7%)
------------------------
区块 3 信息:
总交易数: 167
跨链交易数: 7 (4.2%)
普通交易数: 160 (95.8%)
------------------------
区块 4 信息:
总交易数: 161
跨链交易数: 6 (3.7%)
普通交易数: 155 (96.3%)
------------------------
区块 5 信息:
总交易数: 156
跨链交易数: 9 (5.8%)
普通交易数: 147 (94.2%)
------------------------
区块 6 信息:
总交易数: 115
跨链交易数: 11 (9.6%)
普通交易数: 104 (90.4%)
------------------------
区块 7 信息:
总交易数: 146
跨链交易数: 8 (5.5%)
普通交易数: 138 (94.5%)
------------------------
区块 8 信息:
总交易数: 122
跨链交易数: 7 (5.7%)
普通交易数: 115 (94.3%)
------------------------
区块 9 信息:
总交易数: 142
跨链交易数: 9 (6.3%)
普通交易数: 133 (93.7%)
------------------------
区块 10 信息:
总交易数: 116
跨链交易数: 10 (8.6%)
普通交易数: 106 (91.4%)
------------------------
===== 区块信息结束 =====
================================


========== 测试时间: 2025-04-17 21:23:05 ==========
测试参数:
账户数量: 10000
线程数量: 4
Zipf指数: 0.8
运行时间: 50秒
===== 区块信息输出 =====
所有区块信息:
========================
区块 1 信息:
总交易数: 165
跨链交易数: 7 (4.2%)
普通交易数: 158 (95.8%)
------------------------
区块 2 信息:
总交易数: 148
跨链交易数: 7 (4.7%)
普通交易数: 141 (95.3%)
------------------------
区块 3 信息:
总交易数: 112
跨链交易数: 11 (9.8%)
普通交易数: 101 (90.2%)
------------------------
区块 4 信息:
总交易数: 142
跨链交易数: 9 (6.3%)
普通交易数: 133 (93.7%)
------------------------
区块 5 信息:
总交易数: 93
跨链交易数: 7 (7.5%)
普通交易数: 86 (92.5%)
------------------------
区块 6 信息:
总交易数: 116
跨链交易数: 9 (7.8%)
普通交易数: 107 (92.2%)
------------------------
区块 7 信息:
总交易数: 127
跨链交易数: 11 (8.7%)
普通交易数: 116 (91.3%)
------------------------
区块 8 信息:
总交易数: 154
跨链交易数: 10 (6.5%)
普通交易数: 144 (93.5%)
------------------------
区块 9 信息:
总交易数: 118
跨链交易数: 11 (9.3%)
普通交易数: 107 (90.7%)
------------------------
区块 10 信息:
总交易数: 118
跨链交易数: 6 (5.1%)
普通交易数: 112 (94.9%)
------------------------
===== 区块信息结束 =====
================================
-------------------------------------------------------------------------------zipf =0.8 ctx =0.12


========== 测试时间: 2025-04-17 21:26:12 ==========
测试参数:
账户数量: 10000
线程数量: 4
Zipf指数: 0.8
运行时间: 50秒
===== 区块信息输出 =====
所有区块信息:
========================
区块 1 信息:
总交易数: 67
跨链交易数: 6 (9.0%)
普通交易数: 61 (91.0%)
------------------------
区块 2 信息:
总交易数: 93
跨链交易数: 8 (8.6%)
普通交易数: 85 (91.4%)
------------------------
区块 3 信息:
总交易数: 100
跨链交易数: 13 (13.0%)
普通交易数: 87 (87.0%)
------------------------
区块 4 信息:
总交易数: 133
跨链交易数: 11 (8.3%)
普通交易数: 122 (91.7%)
------------------------
区块 5 信息:
总交易数: 132
跨链交易数: 9 (6.8%)
普通交易数: 123 (93.2%)
------------------------
区块 6 信息:
总交易数: 86
跨链交易数: 13 (15.1%)
普通交易数: 73 (84.9%)
------------------------
区块 7 信息:
总交易数: 99
跨链交易数: 13 (13.1%)
普通交易数: 86 (86.9%)
------------------------
区块 8 信息:
总交易数: 114
跨链交易数: 11 (9.6%)
普通交易数: 103 (90.4%)
------------------------
区块 9 信息:
总交易数: 130
跨链交易数: 9 (6.9%)
普通交易数: 121 (93.1%)
------------------------
区块 10 信息:
总交易数: 75
跨链交易数: 10 (13.3%)
普通交易数: 65 (86.7%)
------------------------
===== 区块信息结束 =====
================================


========== 测试时间: 2025-04-17 21:27:13 ==========
测试参数:
账户数量: 10000
线程数量: 4
Zipf指数: 0.8
运行时间: 50秒
===== 区块信息输出 =====
所有区块信息:
========================
区块 1 信息:
总交易数: 118
跨链交易数: 15 (12.7%)
普通交易数: 103 (87.3%)
------------------------
区块 2 信息:
总交易数: 71
跨链交易数: 6 (8.5%)
普通交易数: 65 (91.5%)
------------------------
区块 3 信息:
总交易数: 139
跨链交易数: 9 (6.5%)
普通交易数: 130 (93.5%)
------------------------
区块 4 信息:
总交易数: 91
跨链交易数: 13 (14.3%)
普通交易数: 78 (85.7%)
------------------------
区块 5 信息:
总交易数: 127
跨链交易数: 12 (9.4%)
普通交易数: 115 (90.6%)
------------------------
区块 6 信息:
总交易数: 92
跨链交易数: 11 (12.0%)
普通交易数: 81 (88.0%)
------------------------
区块 7 信息:
总交易数: 112
跨链交易数: 13 (11.6%)
普通交易数: 99 (88.4%)
------------------------
区块 8 信息:
总交易数: 119
跨链交易数: 11 (9.2%)
普通交易数: 108 (90.8%)
------------------------
区块 9 信息:
总交易数: 94
跨链交易数: 11 (11.7%)
普通交易数: 83 (88.3%)
------------------------
区块 10 信息:
总交易数: 95
跨链交易数: 12 (12.6%)
普通交易数: 83 (87.4%)
------------------------
===== 区块信息结束 =====
================================


========== 测试时间: 2025-04-17 21:28:06 ==========
测试参数:
账户数量: 10000
线程数量: 4
Zipf指数: 0.8
运行时间: 50秒
===== 区块信息输出 =====
所有区块信息:
========================
区块 1 信息:
总交易数: 76
跨链交易数: 15 (19.7%)
普通交易数: 61 (80.3%)
------------------------
区块 2 信息:
总交易数: 87
跨链交易数: 9 (10.3%)
普通交易数: 78 (89.7%)
------------------------
区块 3 信息:
总交易数: 132
跨链交易数: 9 (6.8%)
普通交易数: 123 (93.2%)
------------------------
区块 4 信息:
总交易数: 25
跨链交易数: 6 (24.0%)
普通交易数: 19 (76.0%)
------------------------
区块 5 信息:
总交易数: 99
跨链交易数: 12 (12.1%)
普通交易数: 87 (87.9%)
------------------------
区块 6 信息:
总交易数: 133
跨链交易数: 11 (8.3%)
普通交易数: 122 (91.7%)
------------------------
区块 7 信息:
总交易数: 116
跨链交易数: 12 (10.3%)
普通交易数: 104 (89.7%)
------------------------
区块 8 信息:
总交易数: 91
跨链交易数: 13 (14.3%)
普通交易数: 78 (85.7%)
------------------------
区块 9 信息:
总交易数: 137
跨链交易数: 8 (5.8%)
普通交易数: 129 (94.2%)
------------------------
区块 10 信息:
总交易数: 124
跨链交易数: 10 (8.1%)
普通交易数: 114 (91.9%)
------------------------
===== 区块信息结束 =====
================================


========== 测试时间: 2025-04-17 21:29:48 ==========
测试参数:
账户数量: 10000
线程数量: 4
Zipf指数: 0.8
运行时间: 50秒
===== 区块信息输出 =====
所有区块信息:
========================
区块 1 信息:
总交易数: 75
跨链交易数: 11 (14.7%)
普通交易数: 64 (85.3%)
------------------------
区块 2 信息:
总交易数: 90
跨链交易数: 13 (14.4%)
普通交易数: 77 (85.6%)
------------------------
区块 3 信息:
总交易数: 105
跨链交易数: 14 (13.3%)
普通交易数: 91 (86.7%)
------------------------
区块 4 信息:
总交易数: 112
跨链交易数: 10 (8.9%)
普通交易数: 102 (91.1%)
------------------------
区块 5 信息:
总交易数: 125
跨链交易数: 11 (8.8%)
普通交易数: 114 (91.2%)
------------------------
区块 6 信息:
总交易数: 103
跨链交易数: 13 (12.6%)
普通交易数: 90 (87.4%)
------------------------
区块 7 信息:
总交易数: 120
跨链交易数: 11 (9.2%)
普通交易数: 109 (90.8%)
------------------------
区块 8 信息:
总交易数: 77
跨链交易数: 8 (10.4%)
普通交易数: 69 (89.6%)
------------------------
区块 9 信息:
总交易数: 127
跨链交易数: 11 (8.7%)
普通交易数: 116 (91.3%)
------------------------
区块 10 信息:
总交易数: 108
跨链交易数: 12 (11.1%)
普通交易数: 96 (88.9%)
------------------------
===== 区块信息结束 =====
================================


========== 测试时间: 2025-04-17 21:30:58 ==========
测试参数:
账户数量: 10000
线程数量: 4
Zipf指数: 0.8
运行时间: 50秒
===== 区块信息输出 =====
所有区块信息:
========================
区块 1 信息:
总交易数: 77
跨链交易数: 16 (20.8%)
普通交易数: 61 (79.2%)
------------------------
区块 2 信息:
总交易数: 84
跨链交易数: 14 (16.7%)
普通交易数: 70 (83.3%)
------------------------
区块 3 信息:
总交易数: 113
跨链交易数: 13 (11.5%)
普通交易数: 100 (88.5%)
------------------------
区块 4 信息:
总交易数: 84
跨链交易数: 13 (15.5%)
普通交易数: 71 (84.5%)
------------------------
区块 5 信息:
总交易数: 104
跨链交易数: 12 (11.5%)
普通交易数: 92 (88.5%)
------------------------
区块 6 信息:
总交易数: 96
跨链交易数: 8 (8.3%)
普通交易数: 88 (91.7%)
------------------------
区块 7 信息:
总交易数: 90
跨链交易数: 10 (11.1%)
普通交易数: 80 (88.9%)
------------------------
区块 8 信息:
总交易数: 95
跨链交易数: 7 (7.4%)
普通交易数: 88 (92.6%)
------------------------
区块 9 信息:
总交易数: 105
跨链交易数: 12 (11.4%)
普通交易数: 93 (88.6%)
------------------------
区块 10 信息:
总交易数: 84
跨链交易数: 10 (11.9%)
普通交易数: 74 (88.1%)
------------------------
===== 区块信息结束 =====
================================
-------------------------------------------------------------------------------zipf =0.8 ctx =0.16


========== 测试时间: 2025-04-17 21:32:17 ==========
测试参数:
账户数量: 10000
线程数量: 4
Zipf指数: 0.8
运行时间: 50秒
===== 区块信息输出 =====
所有区块信息:
========================
区块 1 信息:
总交易数: 124
跨链交易数: 10 (8.1%)
普通交易数: 114 (91.9%)
------------------------
区块 2 信息:
总交易数: 109
跨链交易数: 13 (11.9%)
普通交易数: 96 (88.1%)
------------------------
区块 3 信息:
总交易数: 72
跨链交易数: 11 (15.3%)
普通交易数: 61 (84.7%)
------------------------
区块 4 信息:
总交易数: 82
跨链交易数: 14 (17.1%)
普通交易数: 68 (82.9%)
------------------------
区块 5 信息:
总交易数: 75
跨链交易数: 14 (18.7%)
普通交易数: 61 (81.3%)
------------------------
区块 6 信息:
总交易数: 77
跨链交易数: 10 (13.0%)
普通交易数: 67 (87.0%)
------------------------
区块 7 信息:
总交易数: 97
跨链交易数: 13 (13.4%)
普通交易数: 84 (86.6%)
------------------------
区块 8 信息:
总交易数: 105
跨链交易数: 12 (11.4%)
普通交易数: 93 (88.6%)
------------------------
区块 9 信息:
总交易数: 67
跨链交易数: 15 (22.4%)
普通交易数: 52 (77.6%)
------------------------
区块 10 信息:
总交易数: 65
跨链交易数: 14 (21.5%)
普通交易数: 51 (78.5%)
------------------------
===== 区块信息结束 =====
================================


========== 测试时间: 2025-04-17 21:33:29 ==========
测试参数:
账户数量: 10000
线程数量: 4
Zipf指数: 0.8
运行时间: 50秒
===== 区块信息输出 =====
所有区块信息:
========================
区块 1 信息:
总交易数: 61
跨链交易数: 13 (21.3%)
普通交易数: 48 (78.7%)
------------------------
区块 2 信息:
总交易数: 60
跨链交易数: 10 (16.7%)
普通交易数: 50 (83.3%)
------------------------
区块 3 信息:
总交易数: 73
跨链交易数: 14 (19.2%)
普通交易数: 59 (80.8%)
------------------------
区块 4 信息:
总交易数: 89
跨链交易数: 13 (14.6%)
普通交易数: 76 (85.4%)
------------------------
区块 5 信息:
总交易数: 87
跨链交易数: 14 (16.1%)
普通交易数: 73 (83.9%)
------------------------
区块 6 信息:
总交易数: 100
跨链交易数: 10 (10.0%)
普通交易数: 90 (90.0%)
------------------------
区块 7 信息:
总交易数: 69
跨链交易数: 14 (20.3%)
普通交易数: 55 (79.7%)
------------------------
区块 8 信息:
总交易数: 107
跨链交易数: 10 (9.3%)
普通交易数: 97 (90.7%)
------------------------
区块 9 信息:
总交易数: 92
跨链交易数: 13 (14.1%)
普通交易数: 79 (85.9%)
------------------------
区块 10 信息:
总交易数: 86
跨链交易数: 12 (14.0%)
普通交易数: 74 (86.0%)
------------------------
===== 区块信息结束 =====
================================


========== 测试时间: 2025-04-17 21:34:40 ==========
测试参数:
账户数量: 10000
线程数量: 4
Zipf指数: 0.8
运行时间: 50秒
===== 区块信息输出 =====
所有区块信息:
========================
区块 1 信息:
总交易数: 58
跨链交易数: 8 (13.8%)
普通交易数: 50 (86.2%)
------------------------
区块 2 信息:
总交易数: 84
跨链交易数: 14 (16.7%)
普通交易数: 70 (83.3%)
------------------------
区块 3 信息:
总交易数: 72
跨链交易数: 14 (19.4%)
普通交易数: 58 (80.6%)
------------------------
区块 4 信息:
总交易数: 89
跨链交易数: 14 (15.7%)
普通交易数: 75 (84.3%)
------------------------
区块 5 信息:
总交易数: 99
跨链交易数: 12 (12.1%)
普通交易数: 87 (87.9%)
------------------------
区块 6 信息:
总交易数: 75
跨链交易数: 16 (21.3%)
普通交易数: 59 (78.7%)
------------------------
区块 7 信息:
总交易数: 104
跨链交易数: 11 (10.6%)
普通交易数: 93 (89.4%)
------------------------
区块 8 信息:
总交易数: 70
跨链交易数: 16 (22.9%)
普通交易数: 54 (77.1%)
------------------------
区块 9 信息:
总交易数: 100
跨链交易数: 12 (12.0%)
普通交易数: 88 (88.0%)
------------------------
区块 10 信息:
总交易数: 63
跨链交易数: 15 (23.8%)
普通交易数: 48 (76.2%)
------------------------
===== 区块信息结束 =====
================================


========== 测试时间: 2025-04-17 21:35:43 ==========
测试参数:
账户数量: 10000
线程数量: 4
Zipf指数: 0.8
运行时间: 50秒
===== 区块信息输出 =====
所有区块信息:
========================
区块 1 信息:
总交易数: 84
跨链交易数: 15 (17.9%)
普通交易数: 69 (82.1%)
------------------------
区块 2 信息:
总交易数: 77
跨链交易数: 15 (19.5%)
普通交易数: 62 (80.5%)
------------------------
区块 3 信息:
总交易数: 73
跨链交易数: 13 (17.8%)
普通交易数: 60 (82.2%)
------------------------
区块 4 信息:
总交易数: 99
跨链交易数: 14 (14.1%)
普通交易数: 85 (85.9%)
------------------------
区块 5 信息:
总交易数: 92
跨链交易数: 12 (13.0%)
普通交易数: 80 (87.0%)
------------------------
区块 6 信息:
总交易数: 74
跨链交易数: 15 (20.3%)
普通交易数: 59 (79.7%)
------------------------
区块 7 信息:
总交易数: 117
跨链交易数: 12 (10.3%)
普通交易数: 105 (89.7%)
------------------------
区块 8 信息:
总交易数: 114
跨链交易数: 11 (9.6%)
普通交易数: 103 (90.4%)
------------------------
区块 9 信息:
总交易数: 95
跨链交易数: 14 (14.7%)
普通交易数: 81 (85.3%)
------------------------
区块 10 信息:
总交易数: 121
跨链交易数: 11 (9.1%)
普通交易数: 110 (90.9%)
------------------------
===== 区块信息结束 =====
================================


========== 测试时间: 2025-04-17 21:36:42 ==========
测试参数:
账户数量: 10000
线程数量: 4
Zipf指数: 0.8
运行时间: 50秒
===== 区块信息输出 =====
所有区块信息:
========================
区块 1 信息:
总交易数: 86
跨链交易数: 14 (16.3%)
普通交易数: 72 (83.7%)
------------------------
区块 2 信息:
总交易数: 93
跨链交易数: 13 (14.0%)
普通交易数: 80 (86.0%)
------------------------
区块 3 信息:
总交易数: 67
跨链交易数: 14 (20.9%)
普通交易数: 53 (79.1%)
------------------------
区块 4 信息:
总交易数: 84
跨链交易数: 15 (17.9%)
普通交易数: 69 (82.1%)
------------------------
区块 5 信息:
总交易数: 83
跨链交易数: 13 (15.7%)
普通交易数: 70 (84.3%)
------------------------
区块 6 信息:
总交易数: 80
跨链交易数: 12 (15.0%)
普通交易数: 68 (85.0%)
------------------------
区块 7 信息:
总交易数: 100
跨链交易数: 14 (14.0%)
普通交易数: 86 (86.0%)
------------------------
区块 8 信息:
总交易数: 89
跨链交易数: 12 (13.5%)
普通交易数: 77 (86.5%)
------------------------
区块 9 信息:
总交易数: 61
跨链交易数: 10 (16.4%)
普通交易数: 51 (83.6%)
------------------------
区块 10 信息:
总交易数: 98
跨链交易数: 11 (11.2%)
普通交易数: 87 (88.8%)
------------------------
===== 区块信息结束 =====
================================
-------------------------------------------------------------------------------zipf =0.8 ctx =0.2


========== 测试时间: 2025-04-17 21:38:31 ==========
测试参数:
账户数量: 10000
线程数量: 4
Zipf指数: 0.8
运行时间: 50秒
===== 区块信息输出 =====
所有区块信息:
========================
区块 1 信息:
总交易数: 61
跨链交易数: 16 (26.2%)
普通交易数: 45 (73.8%)
------------------------
区块 2 信息:
总交易数: 52
跨链交易数: 12 (23.1%)
普通交易数: 40 (76.9%)
------------------------
区块 3 信息:
总交易数: 83
跨链交易数: 15 (18.1%)
普通交易数: 68 (81.9%)
------------------------
区块 4 信息:
总交易数: 67
跨链交易数: 14 (20.9%)
普通交易数: 53 (79.1%)
------------------------
区块 5 信息:
总交易数: 70
跨链交易数: 15 (21.4%)
普通交易数: 55 (78.6%)
------------------------
区块 6 信息:
总交易数: 72
跨链交易数: 15 (20.8%)
普通交易数: 57 (79.2%)
------------------------
区块 7 信息:
总交易数: 37
跨链交易数: 12 (32.4%)
普通交易数: 25 (67.6%)
------------------------
区块 8 信息:
总交易数: 69
跨链交易数: 13 (18.8%)
普通交易数: 56 (81.2%)
------------------------
区块 9 信息:
总交易数: 84
跨链交易数: 15 (17.9%)
普通交易数: 69 (82.1%)
------------------------
区块 10 信息:
总交易数: 77
跨链交易数: 14 (18.2%)
普通交易数: 63 (81.8%)
------------------------
===== 区块信息结束 =====
================================


========== 测试时间: 2025-04-17 21:39:26 ==========
测试参数:
账户数量: 10000
线程数量: 4
Zipf指数: 0.8
运行时间: 50秒
===== 区块信息输出 =====
所有区块信息:
========================
区块 1 信息:
总交易数: 68
跨链交易数: 16 (23.5%)
普通交易数: 52 (76.5%)
------------------------
区块 2 信息:
总交易数: 76
跨链交易数: 15 (19.7%)
普通交易数: 61 (80.3%)
------------------------
区块 3 信息:
总交易数: 58
跨链交易数: 11 (19.0%)
普通交易数: 47 (81.0%)
------------------------
区块 4 信息:
总交易数: 63
跨链交易数: 15 (23.8%)
普通交易数: 48 (76.2%)
------------------------
区块 5 信息:
总交易数: 79
跨链交易数: 14 (17.7%)
普通交易数: 65 (82.3%)
------------------------
区块 6 信息:
总交易数: 73
跨链交易数: 15 (20.5%)
普通交易数: 58 (79.5%)
------------------------
区块 7 信息:
总交易数: 109
跨链交易数: 13 (11.9%)
普通交易数: 96 (88.1%)
------------------------
区块 8 信息:
总交易数: 57
跨链交易数: 16 (28.1%)
普通交易数: 41 (71.9%)
------------------------
区块 9 信息:
总交易数: 74
跨链交易数: 12 (16.2%)
普通交易数: 62 (83.8%)
------------------------
区块 10 信息:
总交易数: 74
跨链交易数: 13 (17.6%)
普通交易数: 61 (82.4%)
------------------------
===== 区块信息结束 =====
================================


========== 测试时间: 2025-04-17 21:40:22 ==========
测试参数:
账户数量: 10000
线程数量: 4
Zipf指数: 0.8
运行时间: 50秒
===== 区块信息输出 =====
所有区块信息:
========================
区块 1 信息:
总交易数: 80
跨链交易数: 15 (18.8%)
普通交易数: 65 (81.2%)
------------------------
区块 2 信息:
总交易数: 67
跨链交易数: 15 (22.4%)
普通交易数: 52 (77.6%)
------------------------
区块 3 信息:
总交易数: 86
跨链交易数: 14 (16.3%)
普通交易数: 72 (83.7%)
------------------------
区块 4 信息:
总交易数: 55
跨链交易数: 11 (20.0%)
普通交易数: 44 (80.0%)
------------------------
区块 5 信息:
总交易数: 85
跨链交易数: 13 (15.3%)
普通交易数: 72 (84.7%)
------------------------
区块 6 信息:
总交易数: 73
跨链交易数: 14 (19.2%)
普通交易数: 59 (80.8%)
------------------------
区块 7 信息:
总交易数: 68
跨链交易数: 16 (23.5%)
普通交易数: 52 (76.5%)
------------------------
区块 8 信息:
总交易数: 62
跨链交易数: 14 (22.6%)
普通交易数: 48 (77.4%)
------------------------
区块 9 信息:
总交易数: 70
跨链交易数: 14 (20.0%)
普通交易数: 56 (80.0%)
------------------------
区块 10 信息:
总交易数: 83
跨链交易数: 13 (15.7%)
普通交易数: 70 (84.3%)
------------------------
===== 区块信息结束 =====
================================


========== 测试时间: 2025-04-17 21:41:16 ==========
测试参数:
账户数量: 10000
线程数量: 4
Zipf指数: 0.8
运行时间: 50秒
===== 区块信息输出 =====
所有区块信息:
========================
区块 1 信息:
总交易数: 81
跨链交易数: 14 (17.3%)
普通交易数: 67 (82.7%)
------------------------
区块 2 信息:
总交易数: 87
跨链交易数: 13 (14.9%)
普通交易数: 74 (85.1%)
------------------------
区块 3 信息:
总交易数: 89
跨链交易数: 15 (16.9%)
普通交易数: 74 (83.1%)
------------------------
区块 4 信息:
总交易数: 86
跨链交易数: 14 (16.3%)
普通交易数: 72 (83.7%)
------------------------
区块 5 信息:
总交易数: 89
跨链交易数: 14 (15.7%)
普通交易数: 75 (84.3%)
------------------------
区块 6 信息:
总交易数: 42
跨链交易数: 12 (28.6%)
普通交易数: 30 (71.4%)
------------------------
区块 7 信息:
总交易数: 50
跨链交易数: 18 (36.0%)
普通交易数: 32 (64.0%)
------------------------
区块 8 信息:
总交易数: 52
跨链交易数: 13 (25.0%)
普通交易数: 39 (75.0%)
------------------------
区块 9 信息:
总交易数: 97
跨链交易数: 14 (14.4%)
普通交易数: 83 (85.6%)
------------------------
区块 10 信息:
总交易数: 61
跨链交易数: 15 (24.6%)
普通交易数: 46 (75.4%)
------------------------
===== 区块信息结束 =====
================================


========== 测试时间: 2025-04-17 21:42:12 ==========
测试参数:
账户数量: 10000
线程数量: 4
Zipf指数: 0.8
运行时间: 50秒
===== 区块信息输出 =====
所有区块信息:
========================
区块 1 信息:
总交易数: 100
跨链交易数: 13 (13.0%)
普通交易数: 87 (87.0%)
------------------------
区块 2 信息:
总交易数: 60
跨链交易数: 16 (26.7%)
普通交易数: 44 (73.3%)
------------------------
区块 3 信息:
总交易数: 63
跨链交易数: 16 (25.4%)
普通交易数: 47 (74.6%)
------------------------
区块 4 信息:
总交易数: 79
跨链交易数: 13 (16.5%)
普通交易数: 66 (83.5%)
------------------------
区块 5 信息:
总交易数: 69
跨链交易数: 14 (20.3%)
普通交易数: 55 (79.7%)
------------------------
区块 6 信息:
总交易数: 45
跨链交易数: 16 (35.6%)
普通交易数: 29 (64.4%)
------------------------
区块 7 信息:
总交易数: 67
跨链交易数: 9 (13.4%)
普通交易数: 58 (86.6%)
------------------------
区块 8 信息:
总交易数: 67
跨链交易数: 15 (22.4%)
普通交易数: 52 (77.6%)
------------------------
区块 9 信息:
总交易数: 62
跨链交易数: 15 (24.2%)
普通交易数: 47 (75.8%)
------------------------
区块 10 信息:
总交易数: 66
跨链交易数: 15 (22.7%)
普通交易数: 51 (77.3%)
------------------------
===== 区块信息结束 =====
================================



========== 测试时间: 2025-04-28 14:21:44 ==========
测试参数:
账户数量: 1000
线程数量: 4
Zipf指数: 0.8
跨链比例: 0
运行时间: 50秒
===== 区块信息输出 =====
所有区块信息:
========================
区块 1 信息:
总交易数: 204
跨链交易数: 0 (0.0%)
普通交易数: 204 (100.0%)
中止交易数: 2 (1.0%)
------------------------
------------------------
区块 4 信息:
总交易数: 188
跨链交易数: 0 (0.0%)
普通交易数: 188 (100.0%)
中止交易数: 0 (0.0%)
------------------------
区块 5 信息:
总交易数: 200
跨链交易数: 0 (0.0%)
普通交易数: 200 (100.0%)
中止交易数: 3 (1.5%)
------------------------
区块 10 信息:
总交易数: 200
跨链交易数: 0 (0.0%)
普通交易数: 200 (100.0%)
中止交易数: 4 (2.0%)
------------------------
===== 区块信息结束 =====
================================


========== 测试时间: 2025-04-28 14:24:22 ==========
测试参数:
账户数量: 800
线程数量: 6
Zipf指数: 0.8
跨链比例: 0
运行时间: 50秒
===== 区块信息输出 =====
所有区块信息:
========================
区块 1 信息:
总交易数: 203
跨链交易数: 0 (0.0%)
普通交易数: 203 (100.0%)
中止交易数: 6 (3.0%)
------------------------
区块 2 信息:
总交易数: 200
跨链交易数: 0 (0.0%)
普通交易数: 200 (100.0%)
中止交易数: 6 (3.0%)
------------------------
区块 3 信息:
总交易数: 200
跨链交易数: 0 (0.0%)
普通交易数: 200 (100.0%)
中止交易数: 2 (1.0%)
------------------------
区块 4 信息:
总交易数: 200
跨链交易数: 0 (0.0%)
普通交易数: 200 (100.0%)
中止交易数: 8 (4.0%)
------------------------

区块 6 信息:
总交易数: 200
跨链交易数: 0 (0.0%)
普通交易数: 200 (100.0%)
中止交易数: 3 (1.5%)
------------------------
区块 7 信息:
总交易数: 200
跨链交易数: 0 (0.0%)
普通交易数: 200 (100.0%)
中止交易数: 1 (0.5%)
------------------------
区块 8 信息:
总交易数: 200
跨链交易数: 0 (0.0%)
普通交易数: 200 (100.0%)
中止交易数: 2 (1.0%)
------------------------
区块 9 信息:
总交易数: 200
跨链交易数: 0 (0.0%)
普通交易数: 200 (100.0%)
中止交易数: 3 (1.5%)
------------------------
===== 区块信息结束 =====
================================


========== 测试时间: 2025-04-28 14:25:54 ==========
测试参数:
账户数量: 800
线程数量: 8
Zipf指数: 0.8
跨链比例: 0
运行时间: 50秒
===== 区块信息输出 =====
所有区块信息:
========================
区块 1 信息:
总交易数: 208
跨链交易数: 0 (0.0%)
普通交易数: 208 (100.0%)
中止交易数: 4 (1.9%)
------------------------
区块 2 信息:
总交易数: 176
跨链交易数: 0 (0.0%)
普通交易数: 176 (100.0%)
中止交易数: 5 (2.8%)
------------------------
区块 3 信息:
总交易数: 200
跨链交易数: 0 (0.0%)
普通交易数: 200 (100.0%)
中止交易数: 2 (1.0%)
-------------------------
区块 7 信息:
总交易数: 138
跨链交易数: 0 (0.0%)
普通交易数: 138 (100.0%)
中止交易数: 3 (2.2%)
------------------------
区块 8 信息:
总交易数: 198
跨链交易数: 0 (0.0%)
普通交易数: 198 (100.0%)
中止交易数: 5 (2.5%)
------------------------
区块 9 信息:
总交易数: 145
跨链交易数: 0 (0.0%)
普通交易数: 145 (100.0%)
中止交易数: 2 (1.4%)
------------------------
区块 10 信息:
总交易数: 200
跨链交易数: 0 (0.0%)
普通交易数: 200 (100.0%)
中止交易数: 3 (1.5%)
------------------------
===== 区块信息结束 =====
================================


========== 测试时间: 2025-04-28 14:30:35 ==========
测试参数:
账户数量: 800
线程数量: 8
Zipf指数: 1
跨链比例: 0
运行时间: 50秒
===== 区块信息输出 =====
所有区块信息:
========================
区块 1 信息:
总交易数: 134
跨链交易数: 0 (0.0%)
普通交易数: 134 (100.0%)
中止交易数: 6 (4.5%)
------------------------
区块 2 信息:
总交易数: 130
跨链交易数: 0 (0.0%)
普通交易数: 130 (100.0%)
中止交易数: 8 (6.2%)
------------------------
区块 3 信息:
总交易数: 168
跨链交易数: 0 (0.0%)
普通交易数: 168 (100.0%)
中止交易数: 12 (7.1%)
------------------------
区块 4 信息:
总交易数: 200
跨链交易数: 0 (0.0%)
普通交易数: 200 (100.0%)
中止交易数: 19 (9.5%)
------------------------
区块 5 信息:
总交易数: 166
跨链交易数: 0 (0.0%)
普通交易数: 166 (100.0%)
中止交易数: 15 (9.0%)
------------------------
区块 6 信息:
总交易数: 99
跨链交易数: 0 (0.0%)
普通交易数: 99 (100.0%)
中止交易数: 5 (5.1%)
------------------------
区块 7 信息:
总交易数: 179
跨链交易数: 0 (0.0%)
普通交易数: 179 (100.0%)
中止交易数: 18 (10.1%)
------------------------
区块 8 信息:
总交易数: 162
跨链交易数: 0 (0.0%)
普通交易数: 162 (100.0%)
中止交易数: 20 (12.3%)
------------------------
区块 9 信息:
总交易数: 200
跨链交易数: 0 (0.0%)
普通交易数: 200 (100.0%)
中止交易数: 11 (5.5%)
------------------------
区块 10 信息:
总交易数: 160
跨链交易数: 0 (0.0%)
普通交易数: 160 (100.0%)
中止交易数: 3 (1.9%)
------------------------
===== 区块信息结束 =====
================================


========== 测试时间: 2025-04-28 14:31:33 ==========
测试参数:
账户数量: 800
线程数量: 8
Zipf指数: 1
跨链比例: 0
运行时间: 50秒
===== 区块信息输出 =====
所有区块信息:
========================
区块 1 信息:
总交易数: 208
跨链交易数: 0 (0.0%)
普通交易数: 208 (100.0%)
中止交易数: 14 (6.7%)
------------------------
区块 2 信息:
总交易数: 172
跨链交易数: 0 (0.0%)
普通交易数: 172 (100.0%)
中止交易数: 18 (10.5%)
------------------------
区块 3 信息:
总交易数: 200
跨链交易数: 0 (0.0%)
普通交易数: 200 (100.0%)
中止交易数: 14 (7.0%)
------------------------
区块 4 信息:
总交易数: 200
跨链交易数: 0 (0.0%)
普通交易数: 200 (100.0%)
中止交易数: 3 (1.5%)
------------------------
区块 5 信息:
总交易数: 200
跨链交易数: 0 (0.0%)
普通交易数: 200 (100.0%)
中止交易数: 8 (4.0%)
------------------------
区块 6 信息:
总交易数: 200
跨链交易数: 0 (0.0%)
普通交易数: 200 (100.0%)
中止交易数: 23 (11.5%)
------------------------
区块 7 信息:
总交易数: 200
跨链交易数: 0 (0.0%)
普通交易数: 200 (100.0%)
中止交易数: 19 (9.5%)
------------------------
区块 8 信息:
总交易数: 200
跨链交易数: 0 (0.0%)
普通交易数: 200 (100.0%)
中止交易数: 14 (7.0%)
------------------------
区块 9 信息:
总交易数: 176
跨链交易数: 0 (0.0%)
普通交易数: 176 (100.0%)
中止交易数: 7 (4.0%)
------------------------
区块 10 信息:
总交易数: 200
跨链交易数: 0 (0.0%)
普通交易数: 200 (100.0%)
中止交易数: 13 (6.5%)
------------------------
===== 区块信息结束 =====
================================


========== 测试时间: 2025-04-28 14:32:41 ==========
测试参数:
账户数量: 800
线程数量: 8
Zipf指数: 1
跨链比例: 0
运行时间: 50秒
===== 区块信息输出 =====
所有区块信息:
========================
区块 1 信息:
总交易数: 208
跨链交易数: 0 (0.0%)
普通交易数: 208 (100.0%)
中止交易数: 16 (7.7%)
------------------------
区块 2 信息:
总交易数: 198
跨链交易数: 0 (0.0%)
普通交易数: 198 (100.0%)
中止交易数: 14 (7.1%)
------------------------
区块 3 信息:
总交易数: 200
跨链交易数: 0 (0.0%)
普通交易数: 200 (100.0%)
中止交易数: 13 (6.5%)
------------------------
区块 4 信息:
总交易数: 200
跨链交易数: 0 (0.0%)
普通交易数: 200 (100.0%)
中止交易数: 16 (8.0%)
------------------------
区块 5 信息:
总交易数: 200
跨链交易数: 0 (0.0%)
普通交易数: 200 (100.0%)
中止交易数: 19 (9.5%)
------------------------
区块 6 信息:
总交易数: 200
跨链交易数: 0 (0.0%)
普通交易数: 200 (100.0%)
中止交易数: 16 (8.0%)
------------------------
区块 7 信息:
总交易数: 200
跨链交易数: 0 (0.0%)
普通交易数: 200 (100.0%)
中止交易数: 14 (7.0%)
------------------------
区块 8 信息:
总交易数: 200
跨链交易数: 0 (0.0%)
普通交易数: 200 (100.0%)
中止交易数: 12 (6.0%)
------------------------
区块 9 信息:
总交易数: 166
跨链交易数: 0 (0.0%)
普通交易数: 166 (100.0%)
中止交易数: 7 (4.2%)
------------------------
区块 10 信息:
总交易数: 200
跨链交易数: 0 (0.0%)
普通交易数: 200 (100.0%)
中止交易数: 9 (4.5%)
------------------------
===== 区块信息结束 =====
================================


========== 测试时间: 2025-04-28 14:36:40 ==========
测试参数:
账户数量: 800
线程数量: 4
Zipf指数: 1.2
跨链比例: 0
运行时间: 50秒
===== 区块信息输出 =====
所有区块信息:
========================
区块 1 信息:
总交易数: 204
跨链交易数: 0 (0.0%)
普通交易数: 204 (100.0%)
中止交易数: 15 (7.4%)
------------------------
区块 2 信息:
总交易数: 170
跨链交易数: 0 (0.0%)
普通交易数: 170 (100.0%)
中止交易数: 17 (10.0%)
------------------------
区块 3 信息:
总交易数: 200
跨链交易数: 0 (0.0%)
普通交易数: 200 (100.0%)
中止交易数: 10 (5.0%)
------------------------
区块 4 信息:
总交易数: 200
跨链交易数: 0 (0.0%)
普通交易数: 200 (100.0%)
中止交易数: 17 (8.5%)
------------------------
区块 5 信息:
总交易数: 176
跨链交易数: 0 (0.0%)
普通交易数: 176 (100.0%)
中止交易数: 13 (7.4%)
------------------------
区块 6 信息:
总交易数: 69
跨链交易数: 0 (0.0%)
普通交易数: 69 (100.0%)
中止交易数: 7 (10.1%)
------------------------
区块 7 信息:
总交易数: 175
跨链交易数: 0 (0.0%)
普通交易数: 175 (100.0%)
中止交易数: 8 (4.6%)
------------------------
区块 8 信息:
总交易数: 200
跨链交易数: 0 (0.0%)
普通交易数: 200 (100.0%)
中止交易数: 13 (6.5%)
------------------------
区块 9 信息:
总交易数: 194
跨链交易数: 0 (0.0%)
普通交易数: 194 (100.0%)
中止交易数: 15 (7.7%)
------------------------
区块 10 信息:
总交易数: 175
跨链交易数: 0 (0.0%)
普通交易数: 175 (100.0%)
中止交易数: 10 (5.7%)
------------------------
===== 区块信息结束 =====
================================


========== 测试时间: 2025-04-28 14:38:12 ==========
测试参数:
账户数量: 800
线程数量: 4
Zipf指数: 1.2
跨链比例: 0
运行时间: 50秒
===== 区块信息输出 =====
所有区块信息:
========================
区块 1 信息:
总交易数: 160
跨链交易数: 0 (0.0%)
普通交易数: 160 (100.0%)
中止交易数: 20 (12.5%)
------------------------
区块 2 信息:
总交易数: 200
跨链交易数: 0 (0.0%)
普通交易数: 200 (100.0%)
中止交易数: 10 (5.0%)
------------------------
区块 3 信息:
总交易数: 163
跨链交易数: 0 (0.0%)
普通交易数: 163 (100.0%)
中止交易数: 7 (4.3%)
------------------------
区块 4 信息:
总交易数: 200
跨链交易数: 0 (0.0%)
普通交易数: 200 (100.0%)
中止交易数: 16 (8.0%)
------------------------
区块 5 信息:
总交易数: 200
跨链交易数: 0 (0.0%)
普通交易数: 200 (100.0%)
中止交易数: 22 (11.0%)
------------------------
区块 6 信息:
总交易数: 200
跨链交易数: 0 (0.0%)
普通交易数: 200 (100.0%)
中止交易数: 22 (11.0%)
------------------------
区块 7 信息:
总交易数: 163
跨链交易数: 0 (0.0%)
普通交易数: 163 (100.0%)
中止交易数: 9 (5.5%)
------------------------
区块 8 信息:
总交易数: 200
跨链交易数: 0 (0.0%)
普通交易数: 200 (100.0%)
中止交易数: 19 (9.5%)
------------------------
区块 9 信息:
总交易数: 200
跨链交易数: 0 (0.0%)
普通交易数: 200 (100.0%)
中止交易数: 12 (6.0%)
------------------------
区块 10 信息:
总交易数: 200
跨链交易数: 0 (0.0%)
普通交易数: 200 (100.0%)
中止交易数: 14 (7.0%)
------------------------
===== 区块信息结束 =====
================================


========== 测试时间: 2025-04-28 14:40:06 ==========
测试参数:
账户数量: 800
线程数量: 4
Zipf指数: 1.2
跨链比例: 0
运行时间: 50秒
===== 区块信息输出 =====
所有区块信息:
========================
区块 1 信息:
总交易数: 204
跨链交易数: 0 (0.0%)
普通交易数: 204 (100.0%)
中止交易数: 15 (7.4%)
------------------------
区块 2 信息:
总交易数: 174
跨链交易数: 0 (0.0%)
普通交易数: 174 (100.0%)
中止交易数: 7 (4.0%)
------------------------
区块 3 信息:
总交易数: 200
跨链交易数: 0 (0.0%)
普通交易数: 200 (100.0%)
中止交易数: 17 (8.5%)
------------------------
区块 4 信息:
总交易数: 164
跨链交易数: 0 (0.0%)
普通交易数: 164 (100.0%)
中止交易数: 12 (7.3%)
------------------------
区块 5 信息:
总交易数: 200
跨链交易数: 0 (0.0%)
普通交易数: 200 (100.0%)
中止交易数: 26 (13.0%)
------------------------
区块 6 信息:
总交易数: 200
跨链交易数: 0 (0.0%)
普通交易数: 200 (100.0%)
中止交易数: 18 (9.0%)
------------------------
区块 7 信息:
总交易数: 176
跨链交易数: 0 (0.0%)
普通交易数: 176 (100.0%)
中止交易数: 14 (8.0%)
------------------------
区块 8 信息:
总交易数: 200
跨链交易数: 0 (0.0%)
普通交易数: 200 (100.0%)
中止交易数: 17 (8.5%)
------------------------
区块 9 信息:
总交易数: 200
跨链交易数: 0 (0.0%)
普通交易数: 200 (100.0%)
中止交易数: 12 (6.0%)
------------------------
区块 10 信息:
总交易数: 200
跨链交易数: 0 (0.0%)
普通交易数: 200 (100.0%)
中止交易数: 13 (6.5%)
------------------------
===== 区块信息结束 =====
================================


========== 测试时间: 2025-04-28 14:42:20 ==========
测试参数:
账户数量: 1000
线程数量: 6
Zipf指数: 1
跨链比例: 0
运行时间: 50秒
===== 区块信息输出 =====
所有区块信息:
========================
区块 1 信息:
总交易数: 206
跨链交易数: 0 (0.0%)
普通交易数: 206 (100.0%)
中止交易数: 8 (3.9%)
------------------------
区块 2 信息:
总交易数: 174
跨链交易数: 0 (0.0%)
普通交易数: 174 (100.0%)
中止交易数: 16 (9.2%)
------------------------
区块 3 信息:
总交易数: 200
跨链交易数: 0 (0.0%)
普通交易数: 200 (100.0%)
中止交易数: 9 (4.5%)
------------------------
区块 4 信息:
总交易数: 200
跨链交易数: 0 (0.0%)
普通交易数: 200 (100.0%)
中止交易数: 6 (3.0%)
------------------------
区块 5 信息:
总交易数: 200
跨链交易数: 0 (0.0%)
普通交易数: 200 (100.0%)
中止交易数: 7 (3.5%)
------------------------
区块 6 信息:
总交易数: 200
跨链交易数: 0 (0.0%)
普通交易数: 200 (100.0%)
中止交易数: 9 (4.5%)
------------------------
区块 7 信息:
总交易数: 198
跨链交易数: 0 (0.0%)
普通交易数: 198 (100.0%)
中止交易数: 9 (4.5%)
------------------------
区块 8 信息:
总交易数: 200
跨链交易数: 0 (0.0%)
普通交易数: 200 (100.0%)
中止交易数: 7 (3.5%)
------------------------
区块 9 信息:
总交易数: 157
跨链交易数: 0 (0.0%)
普通交易数: 157 (100.0%)
中止交易数: 12 (7.6%)
------------------------
区块 10 信息:
总交易数: 200
跨链交易数: 0 (0.0%)
普通交易数: 200 (100.0%)
中止交易数: 6 (3.0%)
------------------------
===== 区块信息结束 =====
================================


========== 测试时间: 2025-04-28 14:47:44 ==========
测试参数:
账户数量: 1000
线程数量: 6
Zipf指数: 1
跨链比例: 0
运行时间: 50秒
===== 区块信息输出 =====
所有区块信息:
========================
区块 1 信息:
总交易数: 149
跨链交易数: 0 (0.0%)
普通交易数: 149 (100.0%)
中止交易数: 8 (5.4%)
------------------------
区块 2 信息:
总交易数: 200
跨链交易数: 0 (0.0%)
普通交易数: 200 (100.0%)
中止交易数: 12 (6.0%)
------------------------
区块 3 信息:
总交易数: 200
跨链交易数: 0 (0.0%)
普通交易数: 200 (100.0%)
中止交易数: 12 (6.0%)
------------------------
区块 4 信息:
总交易数: 183
跨链交易数: 0 (0.0%)
普通交易数: 183 (100.0%)
中止交易数: 12 (6.6%)
------------------------
区块 5 信息:
总交易数: 200
跨链交易数: 0 (0.0%)
普通交易数: 200 (100.0%)
中止交易数: 7 (3.5%)
------------------------
区块 6 信息:
总交易数: 200
跨链交易数: 0 (0.0%)
普通交易数: 200 (100.0%)
中止交易数: 11 (5.5%)
------------------------
区块 7 信息:
总交易数: 200
跨链交易数: 0 (0.0%)
普通交易数: 200 (100.0%)
中止交易数: 3 (1.5%)
------------------------
区块 8 信息:
总交易数: 140
跨链交易数: 0 (0.0%)
普通交易数: 140 (100.0%)
中止交易数: 6 (4.3%)
------------------------
区块 9 信息:
总交易数: 200
跨链交易数: 0 (0.0%)
普通交易数: 200 (100.0%)
中止交易数: 8 (4.0%)
------------------------
区块 10 信息:
总交易数: 192
跨链交易数: 0 (0.0%)
普通交易数: 192 (100.0%)
中止交易数: 10 (5.2%)
------------------------
===== 区块信息结束 =====
================================


========== 测试时间: 2025-04-28 14:49:09 ==========
测试参数:
账户数量: 1000
线程数量: 6
Zipf指数: 1
跨链比例: 0
运行时间: 50秒
===== 区块信息输出 =====
所有区块信息:
========================
区块 1 信息:
总交易数: 206
跨链交易数: 0 (0.0%)
普通交易数: 206 (100.0%)
中止交易数: 19 (9.2%)
------------------------
区块 2 信息:
总交易数: 200
跨链交易数: 0 (0.0%)
普通交易数: 200 (100.0%)
中止交易数: 9 (4.5%)
------------------------
区块 3 信息:
总交易数: 200
跨链交易数: 0 (0.0%)
普通交易数: 200 (100.0%)
中止交易数: 6 (3.0%)
------------------------
区块 4 信息:
总交易数: 200
跨链交易数: 0 (0.0%)
普通交易数: 200 (100.0%)
中止交易数: 12 (6.0%)
------------------------
区块 5 信息:
总交易数: 124
跨链交易数: 0 (0.0%)
普通交易数: 124 (100.0%)
中止交易数: 5 (4.0%)
------------------------
区块 6 信息:
总交易数: 196
跨链交易数: 0 (0.0%)
普通交易数: 196 (100.0%)
中止交易数: 8 (4.1%)
------------------------
区块 7 信息:
总交易数: 200
跨链交易数: 0 (0.0%)
普通交易数: 200 (100.0%)
中止交易数: 7 (3.5%)
------------------------
区块 8 信息:
总交易数: 200
跨链交易数: 0 (0.0%)
普通交易数: 200 (100.0%)
中止交易数: 14 (7.0%)
------------------------
区块 9 信息:
总交易数: 193
跨链交易数: 0 (0.0%)
普通交易数: 193 (100.0%)
中止交易数: 10 (5.2%)
------------------------
区块 10 信息:
总交易数: 184
跨链交易数: 0 (0.0%)
普通交易数: 184 (100.0%)
中止交易数: 15 (8.2%)
------------------------
===== 区块信息结束 =====
================================


========== 测试时间: 2025-05-04 21:46:18 ==========
测试参数:
账户数量: 1000
线程数量: 6
Zipf指数: 1
跨链比例: 0
运行时间: 50秒
===== 区块信息输出 =====
所有区块信息:
========================
区块 1 信息:
总交易数: 206
跨链交易数: 0 (0.0%)
普通交易数: 206 (100.0%)
中止交易数: 12 (5.8%)
------------------------
区块 2 信息:
总交易数: 200
跨链交易数: 0 (0.0%)
普通交易数: 200 (100.0%)
中止交易数: 19 (9.5%)
------------------------
区块 3 信息:
总交易数: 200
跨链交易数: 0 (0.0%)
普通交易数: 200 (100.0%)
中止交易数: 9 (4.5%)
------------------------
区块 4 信息:
总交易数: 200
跨链交易数: 0 (0.0%)
普通交易数: 200 (100.0%)
中止交易数: 6 (3.0%)
------------------------
区块 5 信息:
总交易数: 200
跨链交易数: 0 (0.0%)
普通交易数: 200 (100.0%)
中止交易数: 18 (9.0%)
------------------------
区块 6 信息:
总交易数: 200
跨链交易数: 0 (0.0%)
普通交易数: 200 (100.0%)
中止交易数: 10 (5.0%)
------------------------
区块 7 信息:
总交易数: 200
跨链交易数: 0 (0.0%)
普通交易数: 200 (100.0%)
中止交易数: 4 (2.0%)
------------------------
区块 8 信息:
总交易数: 200
跨链交易数: 0 (0.0%)
普通交易数: 200 (100.0%)
中止交易数: 9 (4.5%)
------------------------
区块 9 信息:
总交易数: 200
跨链交易数: 0 (0.0%)
普通交易数: 200 (100.0%)
中止交易数: 9 (4.5%)
------------------------
区块 10 信息:
总交易数: 200
跨链交易数: 0 (0.0%)
普通交易数: 200 (100.0%)
中止交易数: 13 (6.5%)
------------------------
===== 区块信息结束 =====
================================


========== 测试时间: 2025-05-04 21:47:58 ==========
测试参数:
账户数量: 1000
线程数量: 6
Zipf指数: 1
跨链比例: 0
运行时间: 50秒
===== 区块信息输出 =====
所有区块信息:
========================
区块 1 信息:
总交易数: 170
跨链交易数: 5 (2.9%)
普通交易数: 165 (97.1%)
中止交易数: 8 (4.7%)
------------------------
区块 2 信息:
总交易数: 139
跨链交易数: 10 (7.2%)
普通交易数: 129 (92.8%)
中止交易数: 9 (6.5%)
------------------------
区块 3 信息:
总交易数: 141
跨链交易数: 7 (5.0%)
普通交易数: 134 (95.0%)
中止交易数: 5 (3.5%)
------------------------
区块 4 信息:
总交易数: 124
跨链交易数: 11 (8.9%)
普通交易数: 113 (91.1%)
中止交易数: 2 (1.6%)
------------------------
区块 5 信息:
总交易数: 179
跨链交易数: 5 (2.8%)
普通交易数: 174 (97.2%)
中止交易数: 5 (2.8%)
------------------------
区块 6 信息:
总交易数: 149
跨链交易数: 7 (4.7%)
普通交易数: 142 (95.3%)
中止交易数: 4 (2.7%)
------------------------
区块 7 信息:
总交易数: 164
跨链交易数: 5 (3.0%)
普通交易数: 159 (97.0%)
中止交易数: 11 (6.7%)
------------------------
区块 8 信息:
总交易数: 174
跨链交易数: 5 (2.9%)
普通交易数: 169 (97.1%)
中止交易数: 11 (6.3%)
------------------------
区块 9 信息:
总交易数: 161
跨链交易数: 6 (3.7%)
普通交易数: 155 (96.3%)
中止交易数: 4 (2.5%)
------------------------
区块 10 信息:
总交易数: 173
跨链交易数: 3 (1.7%)
普通交易数: 170 (98.3%)
中止交易数: 1 (0.6%)
------------------------
===== 区块信息结束 =====
================================


========== 测试时间: 2025-05-04 21:52:56 ==========
测试参数:
账户数量: 1000
线程数量: 6
Zipf指数: 1
跨链比例: 0
运行时间: 50秒
===== 区块信息输出 =====
所有区块信息:
========================
区块 1 信息:
总交易数: 41
跨链交易数: 4 (9.8%)
普通交易数: 37 (90.2%)
中止交易数: 1 (2.4%)
------------------------
区块 2 信息:
总交易数: 35
跨链交易数: 3 (8.6%)
普通交易数: 32 (91.4%)
中止交易数: 0 (0.0%)
------------------------
区块 3 信息:
总交易数: 3
跨链交易数: 0 (0.0%)
普通交易数: 3 (100.0%)
中止交易数: 0 (0.0%)
------------------------
区块 4 信息:
总交易数: 41
跨链交易数: 3 (7.3%)
普通交易数: 38 (92.7%)
中止交易数: 4 (9.8%)
------------------------
区块 5 信息:
总交易数: 36
跨链交易数: 2 (5.6%)
普通交易数: 34 (94.4%)
中止交易数: 0 (0.0%)
------------------------
区块 6 信息:
总交易数: 55
跨链交易数: 1 (1.8%)
普通交易数: 54 (98.2%)
中止交易数: 12 (21.8%)
------------------------
区块 7 信息:
总交易数: 52
跨链交易数: 2 (3.8%)
普通交易数: 50 (96.2%)
中止交易数: 1 (1.9%)
------------------------
区块 8 信息:
总交易数: 119
跨链交易数: 2 (1.7%)
普通交易数: 117 (98.3%)
中止交易数: 3 (2.5%)
------------------------
区块 9 信息:
总交易数: 40
跨链交易数: 2 (5.0%)
普通交易数: 38 (95.0%)
中止交易数: 0 (0.0%)
------------------------
区块 10 信息:
总交易数: 51
跨链交易数: 2 (3.9%)
普通交易数: 49 (96.1%)
中止交易数: 3 (5.9%)
------------------------
===== 区块信息结束 =====
================================


========== 测试时间: 2025-05-04 22:05:53 ==========
测试参数:
账户数量: 1000
线程数量: 4
Zipf指数: 1
跨链比例: 0
运行时间: 20秒
===== 区块信息输出 =====
所有区块信息:
========================
区块 1 信息:
总交易数: 93
跨链交易数: 3 (3.2%)
普通交易数: 90 (96.8%)
中止交易数: 0 (0.0%)
------------------------
区块 2 信息:
总交易数: 128
跨链交易数: 2 (1.6%)
普通交易数: 126 (98.4%)
中止交易数: 6 (4.7%)
------------------------
区块 3 信息:
总交易数: 65
跨链交易数: 4 (6.2%)
普通交易数: 61 (93.8%)
中止交易数: 2 (3.1%)
------------------------
区块 4 信息:
总交易数: 100
跨链交易数: 3 (3.0%)
普通交易数: 97 (97.0%)
中止交易数: 4 (4.0%)
------------------------
===== 区块信息结束 =====
================================


========== 测试时间: 2025-05-04 22:06:28 ==========
测试参数:
账户数量: 1000
线程数量: 4
Zipf指数: 1
跨链比例: 0
运行时间: 20秒
===== 区块信息输出 =====
所有区块信息:
========================
区块 1 信息:
总交易数: 76
跨链交易数: 4 (5.3%)
普通交易数: 72 (94.7%)
中止交易数: 3 (3.9%)
------------------------
区块 2 信息:
总交易数: 72
跨链交易数: 3 (4.2%)
普通交易数: 69 (95.8%)
中止交易数: 3 (4.2%)
------------------------
区块 3 信息:
总交易数: 81
跨链交易数: 4 (4.9%)
普通交易数: 77 (95.1%)
中止交易数: 1 (1.2%)
------------------------
区块 4 信息:
总交易数: 117
跨链交易数: 2 (1.7%)
普通交易数: 115 (98.3%)
中止交易数: 8 (6.8%)
------------------------
===== 区块信息结束 =====
================================


========== 测试时间: 2025-05-04 22:07:33 ==========
测试参数:
账户数量: 1000
线程数量: 4
Zipf指数: 1
跨链比例: 0
运行时间: 20秒
===== 区块信息输出 =====
所有区块信息:
========================
区块 1 信息:
总交易数: 90
跨链交易数: 4 (4.4%)
普通交易数: 86 (95.6%)
中止交易数: 5 (5.6%)
------------------------
区块 2 信息:
总交易数: 102
跨链交易数: 3 (2.9%)
普通交易数: 99 (97.1%)
中止交易数: 0 (0.0%)
------------------------
区块 3 信息:
总交易数: 75
跨链交易数: 3 (4.0%)
普通交易数: 72 (96.0%)
中止交易数: 0 (0.0%)
------------------------
区块 4 信息:
总交易数: 78
跨链交易数: 3 (3.8%)
普通交易数: 75 (96.2%)
中止交易数: 2 (2.6%)
------------------------
===== 区块信息结束 =====
================================


========== 测试时间: 2025-05-04 22:07:44 ==========
测试参数:
账户数量: 1000
线程数量: 4
Zipf指数: 1
跨链比例: 0
运行时间: 20秒
===== 区块信息输出 =====
所有区块信息:
========================
区块 1 信息:
总交易数: 61
跨链交易数: 5 (8.2%)
普通交易数: 56 (91.8%)
中止交易数: 2 (3.3%)
------------------------
区块 2 信息:
总交易数: 57
跨链交易数: 3 (5.3%)
普通交易数: 54 (94.7%)
中止交易数: 2 (3.5%)
------------------------
区块 3 信息:
总交易数: 87
跨链交易数: 3 (3.4%)
普通交易数: 84 (96.6%)
中止交易数: 2 (2.3%)
------------------------
区块 4 信息:
总交易数: 49
跨链交易数: 5 (10.2%)
普通交易数: 44 (89.8%)
中止交易数: 0 (0.0%)
------------------------
===== 区块信息结束 =====
================================


========== 测试时间: 2025-05-04 22:07:48 ==========
测试参数:
账户数量: 1000
线程数量: 4
Zipf指数: 1
跨链比例: 0
运行时间: 20秒
===== 区块信息输出 =====
所有区块信息:
========================
区块 1 信息:
总交易数: 99
跨链交易数: 3 (3.0%)
普通交易数: 96 (97.0%)
中止交易数: 3 (3.0%)
------------------------
区块 2 信息:
总交易数: 70
跨链交易数: 5 (7.1%)
普通交易数: 65 (92.9%)
中止交易数: 0 (0.0%)
------------------------
区块 3 信息:
总交易数: 46
跨链交易数: 3 (6.5%)
普通交易数: 43 (93.5%)
中止交易数: 0 (0.0%)
------------------------
区块 4 信息:
总交易数: 57
跨链交易数: 4 (7.0%)
普通交易数: 53 (93.0%)
中止交易数: 0 (0.0%)
------------------------
===== 区块信息结束 =====
================================


========== 测试时间: 2025-05-04 22:07:50 ==========
测试参数:
账户数量: 1000
线程数量: 4
Zipf指数: 1
跨链比例: 0
运行时间: 20秒
===== 区块信息输出 =====
所有区块信息:
========================
区块 1 信息:
总交易数: 57
跨链交易数: 6 (10.5%)
普通交易数: 51 (89.5%)
中止交易数: 0 (0.0%)
------------------------
区块 2 信息:
总交易数: 61
跨链交易数: 2 (3.3%)
普通交易数: 59 (96.7%)
中止交易数: 3 (4.9%)
------------------------
区块 3 信息:
总交易数: 98
跨链交易数: 3 (3.1%)
普通交易数: 95 (96.9%)
中止交易数: 0 (0.0%)
------------------------
区块 4 信息:
总交易数: 72
跨链交易数: 4 (5.6%)
普通交易数: 68 (94.4%)
中止交易数: 3 (4.2%)
------------------------
===== 区块信息结束 =====
================================


========== 测试时间: 2025-05-04 22:07:54 ==========
测试参数:
账户数量: 1000
线程数量: 4
Zipf指数: 1
跨链比例: 0
运行时间: 20秒
===== 区块信息输出 =====
所有区块信息:
========================
区块 1 信息:
总交易数: 103
跨链交易数: 3 (2.9%)
普通交易数: 100 (97.1%)
中止交易数: 2 (1.9%)
------------------------
区块 2 信息:
总交易数: 66
跨链交易数: 4 (6.1%)
普通交易数: 62 (93.9%)
中止交易数: 5 (7.6%)
------------------------
区块 3 信息:
总交易数: 80
跨链交易数: 3 (3.8%)
普通交易数: 77 (96.2%)
中止交易数: 2 (2.5%)
------------------------
区块 4 信息:
总交易数: 70
跨链交易数: 4 (5.7%)
普通交易数: 66 (94.3%)
中止交易数: 2 (2.9%)
------------------------
===== 区块信息结束 =====
================================


========== 测试时间: 2025-05-04 22:08:26 ==========
测试参数:
账户数量: 1000
线程数量: 4
Zipf指数: 1
跨链比例: 0
运行时间: 20秒
===== 区块信息输出 =====
所有区块信息:
========================
区块 1 信息:
总交易数: 69
跨链交易数: 4 (5.8%)
普通交易数: 65 (94.2%)
中止交易数: 3 (4.3%)
------------------------
区块 2 信息:
总交易数: 73
跨链交易数: 3 (4.1%)
普通交易数: 70 (95.9%)
中止交易数: 0 (0.0%)
------------------------
区块 3 信息:
总交易数: 124
跨链交易数: 3 (2.4%)
普通交易数: 121 (97.6%)
中止交易数: 1 (0.8%)
------------------------
区块 4 信息:
总交易数: 61
跨链交易数: 3 (4.9%)
普通交易数: 58 (95.1%)
中止交易数: 1 (1.6%)
------------------------
===== 区块信息结束 =====
================================


========== 测试时间: 2025-05-04 22:08:28 ==========
测试参数:
账户数量: 1000
线程数量: 4
Zipf指数: 1
跨链比例: 0
运行时间: 20秒
===== 区块信息输出 =====
所有区块信息:
========================
区块 1 信息:
总交易数: 148
跨链交易数: 2 (1.4%)
普通交易数: 146 (98.6%)
中止交易数: 3 (2.0%)
------------------------
区块 2 信息:
总交易数: 88
跨链交易数: 3 (3.4%)
普通交易数: 85 (96.6%)
中止交易数: 2 (2.3%)
------------------------
区块 3 信息:
总交易数: 90
跨链交易数: 3 (3.3%)
普通交易数: 87 (96.7%)
中止交易数: 5 (5.6%)
------------------------
区块 4 信息:
总交易数: 74
跨链交易数: 3 (4.1%)
普通交易数: 71 (95.9%)
中止交易数: 2 (2.7%)
------------------------
===== 区块信息结束 =====
================================


========== 测试时间: 2025-05-04 22:08:29 ==========
测试参数:
账户数量: 1000
线程数量: 4
Zipf指数: 1
跨链比例: 0
运行时间: 20秒
===== 区块信息输出 =====
所有区块信息:
========================
区块 1 信息:
总交易数: 89
跨链交易数: 4 (4.5%)
普通交易数: 85 (95.5%)
中止交易数: 1 (1.1%)
------------------------
区块 2 信息:
总交易数: 83
跨链交易数: 3 (3.6%)
普通交易数: 80 (96.4%)
中止交易数: 2 (2.4%)
------------------------
区块 3 信息:
总交易数: 90
跨链交易数: 3 (3.3%)
普通交易数: 87 (96.7%)
中止交易数: 1 (1.1%)
------------------------
区块 4 信息:
总交易数: 70
跨链交易数: 3 (4.3%)
普通交易数: 67 (95.7%)
中止交易数: 2 (2.9%)
------------------------
===== 区块信息结束 =====
================================
