交易ID,开始时间,完成时间,延迟(微秒)
1,614607099971,614607117917,17945,普通
2,614607099946,614607118036,18089,普通
3,614607100205,614607118064,17859,普通
4,614607100347,614607118636,18289,普通
5,614607118441,614607173936,55495,普通
6,614607118648,614607173968,55319,普通
7,614607118835,614607179410,60574,普通
8,614607118980,614607179452,60471,普通
9,614607174370,614607269091,94720,普通
10,614607174675,614607269151,94476,普通
11,614607180050,614607269173,89122,普通
12,614607179983,614607269192,89209,普通
13,614607269612,614607348253,78640,普通
14,614607269559,614607348286,78726,普通
15,614607269631,614607361701,92070,普通
16,614607269722,614607361739,92016,普通
17,614607348551,614607361761,13209,普通
18,614607348678,614607361785,13106,普通
19,614607362278,614607406431,44152,普通
20,614607362347,614607501991,139643,普通
21,614607362394,614607502039,139645,普通
22,614607362491,614607502065,139573,普通
23,614607407442,614607502084,94642,普通
24,614607502657,614607599414,96757,普通
25,614607502538,614607599447,96909,普通
26,614607502569,614607600070,97500,普通
27,614607502560,614607600096,97535,普通
28,614607599836,614607608604,8767,普通
29,614607599851,614607688186,88335,普通
30,614607600634,614607688218,87583,普通
31,614607600711,614607688803,88091,普通
32,614607608880,614607692986,84105,普通
33,614607688606,614607702040,13433,普通
34,614607688698,614607788161,99463,普通
35,614607690616,614607788376,97760,普通
36,614607693275,614607790331,97056,普通
37,614607702510,614607795913,93402,普通
38,614607788666,614607837330,48663,普通
39,614607788714,614607844190,55476,普通
40,614607791095,614607848030,56935,普通
41,614607796497,614607851269,54772,普通
42,614607837822,614607927719,89897,普通
43,614607844580,614607932720,88140,普通
44,614607849339,614608011193,161853,普通
45,614607852569,614608011225,158656,普通
46,614607928197,614608011887,83689,普通
47,614607933094,614608019207,86112,普通
48,614608011891,614608024127,12235,普通
49,614608011872,614608027308,15436,普通
50,614608012235,614608092351,80116,普通
51,614608019746,614608092739,72992,普通
52,614608025220,614608092761,67540,普通
53,614608077205,614608185369,108164,普通
54,614608092704,614608189844,97139,普通
55,614608093159,614608189880,96720,普通
56,614608093050,614608189900,96850,普通
57,614608185931,614608242262,56330,普通
58,614608190510,614608250104,59594,普通
59,614608190584,614608250177,59593,普通
60,614608190619,614608250204,59585,普通
61,614608242928,614608252457,9529,普通
62,614608250989,614608342759,91769,普通
63,614608250970,614608350529,99559,普通
64,614608251075,614608350566,99491,普通
65,614608254330,614608355960,101629,普通
66,614608343583,614608431435,87852,普通
67,614608350979,614608442293,91313,普通
68,614608351104,614608442331,91227,普通
69,614608356634,614608442960,86326,普通
70,614608431960,614608446467,14507,普通
71,614608442980,614608528091,85110,普通
72,614608443421,614608532894,89472,普通
73,614608443710,614608533783,90073,普通
74,614608446795,614608537793,90998,普通
75,614608528758,614608623647,94889,普通
76,614608533255,614608623746,90490,普通
77,614608534274,614608713100,178825,普通
78,614608612474,614608713169,100695,普通
79,614608624395,614608740665,116270,普通
80,614608624732,614608740705,115972,普通
81,614608713701,614608740726,27025,普通
82,614608733664,614608780470,46806,普通
83,614608741086,614608784234,43147,普通
84,614608741461,614608871068,129606,普通
85,614608741494,614608871112,129618,普通
86,614608781086,614608871147,90060,普通
87,614608784696,614608871165,86468,普通
88,614608871706,614608964242,92536,普通
89,614608871718,614608964273,92555,普通
90,614608871737,614608964982,93244,普通
91,614608871752,614608965006,93254,普通
92,614608964795,614608979389,14594,普通
93,614608964671,614609024823,60152,普通
94,614608965501,614609024865,59364,普通
95,614608965533,614609024891,59357,普通
96,614608979921,614609035163,55241,普通
97,614609025320,614609114618,89297,普通
98,614609025298,614609118593,93294,普通
99,614609025344,614609118629,93285,普通
100,614609111517,614609121992,10475,普通

=== 执行统计 ===
前100笔交易总执行时间(包含跨链延迟): -614607099971 微秒
前100笔交易总执行时间(不含跨链延迟): 2022020 微秒
101,614609115772,614609215662,99889,普通
102,614609119119,614609218038,98919,普通
103,614609119233,614609221992,102758,普通
104,614609122922,614609222027,99104,普通
105,614609216784,614609305464,88680,普通
106,614609219195,614609313455,94259,普通
107,614609222550,614609313490,90940,普通
108,614609223071,614609313512,90440,普通
109,614609305880,614609313835,7954,普通
110,614609314043,614609430617,116574,普通
111,614609314116,614609430742,116626,普通
112,614609314097,614609430859,116761,普通
113,614609314281,614609430885,116604,普通
114,614609431272,614609537427,106154,普通
115,614609431535,614609537874,106339,普通
116,614609431603,614609537901,106298,普通
117,614609520216,614609613815,93598,普通
118,614609537829,614609620054,82224,普通
119,614609538199,614609620267,82068,普通
120,614609538204,614609620300,82096,普通
121,614609614559,614609703909,89350,普通
122,614609621006,614609718383,97377,普通
123,614609621220,614609718424,97203,普通
124,614609621380,614609719035,97654,普通
125,614609704485,614609719059,14573,普通
126,614609718870,614609812858,93987,普通
127,614609719002,614609814764,95762,普通
128,614609719427,614609854685,135257,普通
129,614609719576,614609854719,135143,普通
130,614609813395,614609857201,43806,普通
131,614609815188,614609921644,106456,普通
132,614609855517,614609927737,72220,普通
133,614609855425,614609930199,74773,普通
134,614609857612,614609930229,72616,普通
135,614609922382,614610014520,92137,普通
136,614609928306,614610014554,86248,普通
137,614609931181,614610017638,86456,普通
138,614609931319,614610026966,95647,普通
139,614610014972,614610027907,12935,普通
140,614610015516,614610104562,89045,普通
141,614610018192,614610105217,87024,普通
142,614610027519,614610115021,87501,普通
143,614610028404,614610115051,86647,普通
144,614610104968,614610206098,101129,普通
145,614610105629,614610208569,102940,普通
146,614610202205,614610213725,11520,普通
147,614610202250,614610313317,111066,普通
148,614610207277,614610313361,106083,普通
149,614610208929,614610313386,104457,普通
150,614610214416,614610313398,98982,普通
151,614610313726,614610440650,126923,普通
152,614610313859,614610444231,130372,普通
153,614610313841,614610444274,130432,普通
154,614610313926,614610448868,134941,普通
155,614610440873,614610451633,10760,普通
156,614610444713,614610511339,66626,普通
157,614610445092,614610511376,66284,普通
158,614610449533,614610518108,68575,普通
159,614610452009,614610518182,66172,普通
160,614610511898,614610610931,99033,普通
161,614610512167,614610611028,98860,普通
162,614610518532,614610611054,92521,普通
163,614610519026,614610620327,101301,普通
164,614610611354,614610680601,69246,普通
165,614610611505,614610680632,69126,普通
166,614610611648,614610680653,69004,普通
167,614610672192,614610680669,8477,普通
168,614610681002,614610737299,56296,普通
169,614610681077,614610737330,56253,普通
170,614610681038,614610747047,66009,普通
171,614610681294,614610747080,65786,普通
172,614610737785,614610747104,9318,普通
173,614610737749,614610747118,9368,普通
174,614610747426,614610919475,172049,普通
175,614610747449,614610919505,172055,普通
176,614610747564,614610919525,171961,普通
177,614610747520,614610919539,172019,普通
178,614610919973,614610972151,52178,普通
179,614610919957,614610974039,54082,普通
180,614610920024,614610974067,54043,普通
181,614610919985,614610974085,54100,普通
182,614610973347,614610987636,14289,普通
183,614610975186,614611051675,76489,普通
184,614610975533,614611053183,77650,普通
185,614610975900,614611057441,81540,普通
186,614611051000,614611064314,13313,普通
187,614611052326,614611112834,60508,普通
188,614611053625,614611113075,59450,普通
189,614611057755,614611117540,59784,普通
190,614611065792,614611128108,62316,普通
191,614611113758,614611204701,90943,普通
192,614611113711,614611204733,91021,普通
193,614611119061,614611204753,85692,普通
194,614611128499,614611215671,87171,普通
195,614611205171,614611216268,11096,普通
196,614611205403,614611217585,12181,普通
197,614611205496,614611257116,51620,普通
198,614611216096,614611258935,42838,普通
199,614611216798,614611268186,51387,普通
200,614611218106,614611358264,140157,普通
201,614611257381,614611361653,104271,普通
202,614611259238,614611361682,102444,普通
203,614611343322,614611361702,18379,普通
204,614611358783,614611454002,95218,普通
205,614611362267,614611457185,94917,普通
206,614611362455,614611536998,174543,普通
207,614611362483,614611537031,174548,普通
208,614611454535,614611541667,87131,普通
209,614611531401,614611589502,58100,普通
210,614611537453,614611589537,52084,普通
211,614611537553,614611589556,52002,普通
212,614611541942,614611591314,49371,普通
213,614611590107,614611709586,119479,普通
214,614611589956,614611709628,119671,普通
215,614611590070,614611709651,119580,普通
216,614611592853,614611709669,116815,普通
217,614611710000,614611782618,72618,普通
218,614611709981,614611782653,72671,普通
219,614611710158,614611787804,77646,普通
220,614611710090,614611788219,78129,普通
221,614611783623,614611882481,98858,普通
222,614611783653,614611885517,101863,普通
223,614611788670,614611893974,105304,普通
224,614611788877,614611894011,105134,普通
225,614611883921,614611896095,12174,普通
226,614611886162,614611896217,10055,普通
227,614611894521,614611989182,94661,普通
228,614611894587,614611989221,94634,普通
229,614611973586,614611992032,18446,普通
230,614611973528,614611992064,18536,普通
231,614611989633,614612048442,58809,普通
232,614611989818,614612051267,61448,普通
233,614611992488,614612051297,58809,普通
234,614611992504,614612051319,58815,普通
235,614612048717,614612198972,150254,普通
236,614612124906,614612199028,74121,普通
237,614612125097,614612201417,76320,普通
238,614612125201,614612201447,76246,普通
239,614612199791,614612290229,90437,普通
240,614612199625,614612290264,90639,普通
241,614612201841,614612290287,88446,普通
242,614612202417,614612296694,94277,普通
243,614612290950,614612298838,7887,普通
244,614612290802,614612347535,56733,普通
245,614612291299,614612347571,56271,普通
246,614612297332,614612352742,55410,普通
247,614612299843,614612352773,52930,普通
248,614612347918,614612361646,13727,普通
249,614612348111,614612361792,13680,普通
250,614612353489,614612432115,78625,普通
251,614612353472,614612435630,82158,普通
252,614612362413,614612438806,76392,普通
253,614612362534,614612526718,164183,普通
254,614612433325,614612529379,96054,普通
255,614612435867,614612530093,94225,普通
256,614612439399,614612530114,90714,普通
257,614612527074,614612630182,103108,普通
258,614612529625,614612635095,105469,普通
259,614612531032,614612635174,104142,普通
260,614612530560,614612635197,104637,普通
261,614612630593,614612743455,112861,普通
262,614612635606,614612743487,107880,普通
263,614612635714,614612743507,107793,普通
264,614612635878,614612752039,116160,普通
265,614612744160,614612842982,98822,普通
266,614612744175,614612843016,98841,普通
267,614612744222,614612843038,98816,普通
268,614612752460,614612852249,99788,普通
269,614612843428,614612905928,62499,普通
270,614612843472,614612905961,62488,普通
271,614612843518,614612905984,62466,普通
272,614612852972,614612905999,53027,普通
273,614612906390,614613000185,93795,普通
274,614612906439,614613000216,93777,普通
275,614612906670,614613000244,93574,普通
276,614612906625,614613000267,93641,普通
277,614613000582,614613084630,84047,普通
278,614613000606,614613084669,84062,普通
279,614613000702,614613084988,84286,普通
280,614613000787,614613091074,90286,普通
281,614613085175,614613170344,85169,普通
282,614613085373,614613170463,85090,普通
283,614613085416,614613170490,85073,普通
284,614613091342,614613171088,79745,普通
285,614613170953,614613261812,90859,普通
286,614613170961,614613262763,91802,普通
287,614613171193,614613263063,91869,普通
288,614613171335,614613263083,91748,普通
289,614613262856,614613320787,57930,普通
290,614613263096,614613322012,58916,普通
291,614613263497,614613322038,58540,普通
292,614613263459,614613322053,58593,普通
293,614613321089,614613416160,95070,普通
294,614613322496,614613421878,99382,普通
295,614613322649,614613512455,189805,普通
296,614613322719,614613512487,189768,普通
297,614613416630,614613514820,98190,普通
298,614613422632,614613514845,92213,普通
299,614613512698,614613519014,6315,普通
300,614613513223,614613519046,5822,普通
